mode: set
railyard/internal/logger/logger.go:26.42,28.27 2 0
railyard/internal/logger/logger.go:28.27,30.3 1 0
railyard/internal/logger/logger.go:31.2,31.12 1 0
railyard/internal/logger/logger.go:56.43,57.16 1 1
railyard/internal/logger/logger.go:57.16,59.3 1 0
railyard/internal/logger/logger.go:61.2,67.10 3 1
railyard/internal/logger/logger.go:71.32,73.2 1 1
railyard/internal/logger/logger.go:76.35,80.21 3 1
railyard/internal/logger/logger.go:80.21,82.3 1 1
railyard/internal/logger/logger.go:84.2,84.65 1 1
railyard/internal/logger/logger.go:84.65,86.3 1 0
railyard/internal/logger/logger.go:88.2,89.16 2 1
railyard/internal/logger/logger.go:89.16,91.3 1 0
railyard/internal/logger/logger.go:93.2,97.58 3 1
railyard/internal/logger/logger.go:97.58,102.7 4 1
railyard/internal/logger/logger.go:102.7,103.11 1 1
railyard/internal/logger/logger.go:104.20,105.18 1 0
railyard/internal/logger/logger.go:106.18,107.11 1 1
railyard/internal/logger/logger.go:112.2,112.12 1 1
railyard/internal/logger/logger.go:117.38,123.19 5 1
railyard/internal/logger/logger.go:123.19,125.3 1 1
railyard/internal/logger/logger.go:126.2,126.19 1 1
railyard/internal/logger/logger.go:126.19,128.3 1 1
railyard/internal/logger/logger.go:130.2,134.21 4 1
railyard/internal/logger/logger.go:134.21,135.42 1 1
railyard/internal/logger/logger.go:135.42,137.4 1 0
railyard/internal/logger/logger.go:138.3,138.17 1 1
railyard/internal/logger/logger.go:141.2,142.19 2 1
railyard/internal/logger/logger.go:142.19,143.40 1 1
railyard/internal/logger/logger.go:143.40,145.4 1 0
railyard/internal/logger/logger.go:146.3,146.15 1 1
railyard/internal/logger/logger.go:149.2,149.40 1 1
railyard/internal/logger/logger.go:152.52,154.2 1 1
railyard/internal/logger/logger.go:156.52,158.2 1 1
railyard/internal/logger/logger.go:160.64,161.16 1 1
railyard/internal/logger/logger.go:161.16,163.3 1 1
railyard/internal/logger/logger.go:164.2,164.29 1 1
railyard/internal/logger/logger.go:168.75,170.27 2 1
railyard/internal/logger/logger.go:170.27,172.3 1 1
railyard/internal/logger/logger.go:174.2,178.29 2 1
railyard/internal/logger/logger.go:181.91,184.25 2 1
railyard/internal/logger/logger.go:185.29,186.28 1 1
railyard/internal/logger/logger.go:187.26,188.28 1 1
railyard/internal/logger/logger.go:189.27,190.34 1 1
railyard/internal/logger/logger.go:191.10,192.60 1 0
railyard/internal/logger/logger.go:196.35,200.21 3 0
railyard/internal/logger/logger.go:200.21,202.3 1 0
railyard/internal/logger/logger.go:204.2,204.41 1 0
railyard/internal/logger/logger.go:204.41,206.3 1 0
railyard/internal/logger/logger.go:208.2,208.12 1 0
railyard/internal/logger/logger.go:211.53,215.21 3 1
railyard/internal/logger/logger.go:215.21,217.3 1 1
railyard/internal/logger/logger.go:219.2,220.16 2 1
railyard/internal/logger/logger.go:220.16,222.3 1 0
railyard/internal/logger/logger.go:224.2,224.20 1 1
railyard/internal/logger/logger.go:231.53,233.2 1 1
railyard/internal/paths/paths.go:39.30,41.16 2 1
railyard/internal/paths/paths.go:41.16,43.3 1 1
railyard/internal/paths/paths.go:46.2,47.13 2 0
railyard/internal/paths/paths.go:51.27,53.2 1 1
railyard/internal/paths/paths.go:55.35,57.2 1 0
railyard/internal/paths/paths.go:60.32,62.2 1 0
railyard/internal/paths/paths.go:65.26,67.2 1 0
railyard/internal/paths/paths.go:70.25,72.2 1 0
railyard/internal/paths/paths.go:74.33,76.2 1 0
railyard/internal/paths/paths.go:78.33,80.2 1 0
railyard/internal/paths/paths.go:83.32,85.2 1 0
railyard/internal/paths/paths.go:87.27,89.2 1 1
railyard/internal/paths/paths.go:91.31,93.2 1 1
railyard/internal/paths/paths.go:95.28,97.2 1 0
railyard/internal/paths/paths.go:100.33,102.2 1 0
railyard/internal/paths/paths.go:105.65,107.2 1 0
railyard/internal/paths/paths.go:110.59,112.2 1 0
railyard/internal/paths/paths.go:115.63,117.2 1 0
railyard/internal/paths/paths.go:121.46,123.19 2 1
railyard/internal/paths/paths.go:123.19,125.3 1 1
railyard/internal/paths/paths.go:128.2,129.52 2 1
railyard/internal/paths/paths.go:133.57,136.2 2 1
railyard/internal/paths/paths.go:141.50,147.2 5 1
railyard/internal/paths/paths.go:154.38,156.52 2 1
railyard/internal/paths/paths.go:156.52,157.37 1 1
railyard/internal/paths/paths.go:157.37,159.4 1 1
railyard/internal/paths/paths.go:160.3,160.20 1 0
railyard/internal/paths/paths.go:160.20,162.4 1 0
railyard/internal/paths/paths.go:163.3,163.19 1 0
railyard/internal/paths/paths.go:165.2,165.19 1 1
railyard/internal/paths/paths.go:165.19,167.3 1 1
railyard/internal/paths/paths.go:168.2,168.19 1 1
railyard/internal/paths/paths.go:172.26,173.106 1 1
railyard/internal/paths/paths.go:173.106,175.3 1 0
railyard/internal/paths/paths.go:176.2,176.68 1 1
railyard/internal/paths/paths.go:176.68,177.37 1 1
railyard/internal/paths/paths.go:177.37,179.4 1 1
railyard/internal/paths/paths.go:180.3,180.58 1 0
railyard/internal/paths/paths.go:182.2,182.12 1 1
railyard/internal/types/common.go:79.61,80.20 1 0
railyard/internal/types/common.go:81.31,82.34 1 0
railyard/internal/types/common.go:83.28,84.31 1 0
railyard/internal/types/common.go:85.34,86.29 1 0
railyard/internal/types/common.go:87.10,88.102 1 0
railyard/internal/types/common.go:100.60,103.2 2 1
railyard/internal/types/common.go:150.48,155.2 1 1
railyard/internal/types/common.go:158.50,163.2 1 1
railyard/internal/types/common.go:166.47,171.2 1 1
railyard/internal/types/common.go:182.49,183.19 1 1
railyard/internal/types/common.go:184.34,185.14 1 1
railyard/internal/types/common.go:186.10,187.15 1 1
railyard/internal/types/common.go:191.47,192.19 1 1
railyard/internal/types/common.go:193.20,194.16 1 1
railyard/internal/types/common.go:195.20,196.16 1 1
railyard/internal/types/common.go:198.2,198.55 1 1
railyard/internal/types/common.go:203.49,205.17 2 1
railyard/internal/types/common.go:205.17,207.3 1 1
railyard/internal/types/common.go:208.2,208.38 1 1
railyard/internal/types/common.go:208.38,210.3 1 1
railyard/internal/types/common.go:211.2,212.51 2 1
railyard/internal/types/common.go:212.51,214.3 1 1
railyard/internal/types/common.go:215.2,215.38 1 1
railyard/internal/types/common.go:218.45,220.19 2 1
railyard/internal/types/common.go:220.19,222.3 1 1
railyard/internal/types/common.go:223.2,223.37 1 1
railyard/internal/types/common.go:223.37,225.3 1 1
railyard/internal/types/common.go:226.2,226.22 1 1
railyard/internal/types/common.go:234.44,236.2 1 1
railyard/internal/types/common.go:243.48,245.2 1 1
railyard/internal/types/common.go:247.49,249.22 2 1
railyard/internal/types/common.go:249.22,250.12 1 1
railyard/internal/types/common.go:250.12,252.4 1 1
railyard/internal/types/common.go:253.3,253.14 1 1
railyard/internal/types/common.go:255.2,255.15 1 1
railyard/internal/types/common.go:271.55,274.26 3 1
railyard/internal/types/common.go:274.26,276.3 1 1
railyard/internal/types/common.go:277.2,277.15 1 1
railyard/internal/types/config_types.go:82.39,84.63 1 0
railyard/internal/types/config_types.go:84.63,86.24 2 0
railyard/internal/types/config_types.go:86.24,88.4 1 0
railyard/internal/types/config_types.go:89.3,89.20 1 0
railyard/internal/types/config_types.go:92.2,92.64 1 0
railyard/internal/types/config_types.go:92.64,93.46 1 0
railyard/internal/types/config_types.go:93.46,95.4 1 0
railyard/internal/types/config_types.go:96.3,96.30 1 0
railyard/internal/types/config_types.go:99.2,115.3 1 0
railyard/internal/types/config_types.go:119.52,121.2 1 1
railyard/internal/types/config_types.go:124.47,126.16 2 1
railyard/internal/types/config_types.go:126.16,128.3 1 1
railyard/internal/types/config_types.go:129.2,129.11 1 0
railyard/internal/types/config_types.go:133.52,135.16 2 1
railyard/internal/types/config_types.go:135.16,137.3 1 1
railyard/internal/types/config_types.go:138.2,138.11 1 0
railyard/internal/types/config_types.go:142.47,144.16 2 1
railyard/internal/types/config_types.go:144.16,146.3 1 1
railyard/internal/types/config_types.go:147.2,147.11 1 0
railyard/internal/types/config_types.go:152.55,154.95 1 1
railyard/internal/types/config_types.go:154.95,156.3 1 0
railyard/internal/types/config_types.go:157.2,157.46 1 1
railyard/internal/types/config_types.go:157.46,159.3 1 0
railyard/internal/types/config_types.go:160.2,160.31 1 1
railyard/internal/types/config_types.go:160.31,162.3 1 1
railyard/internal/types/config_types.go:164.2,164.31 1 0
railyard/internal/types/config_types.go:168.71,173.51 2 1
railyard/internal/types/config_types.go:173.51,176.3 2 1
railyard/internal/types/config_types.go:178.2,178.47 1 1
railyard/internal/types/config_types.go:178.47,181.3 2 1
railyard/internal/types/config_types.go:183.2,183.33 1 1
railyard/internal/types/config_types.go:186.46,188.2 1 1
railyard/internal/types/profile_types.go:75.114,78.64 3 1
railyard/internal/types/profile_types.go:78.64,82.39 3 1
railyard/internal/types/profile_types.go:82.39,83.12 1 0
railyard/internal/types/profile_types.go:85.3,85.108 1 1
railyard/internal/types/profile_types.go:85.108,86.12 1 0
railyard/internal/types/profile_types.go:89.3,90.10 2 1
railyard/internal/types/profile_types.go:90.10,91.12 1 0
railyard/internal/types/profile_types.go:94.3,95.62 2 1
railyard/internal/types/profile_types.go:95.62,97.41 2 1
railyard/internal/types/profile_types.go:97.41,99.5 1 1
railyard/internal/types/profile_types.go:102.3,102.37 1 1
railyard/internal/types/profile_types.go:102.37,104.4 1 1
railyard/internal/types/profile_types.go:109.38,111.75 2 1
railyard/internal/types/profile_types.go:111.75,112.23 1 1
railyard/internal/types/profile_types.go:112.23,115.4 2 1
railyard/internal/types/profile_types.go:116.3,116.14 1 1
railyard/internal/types/profile_types.go:118.2,118.15 1 1
railyard/internal/types/profile_types.go:128.64,129.16 1 1
railyard/internal/types/profile_types.go:130.66,131.14 1 1
railyard/internal/types/profile_types.go:132.10,133.15 1 1
railyard/internal/types/profile_types.go:151.82,152.14 1 0
railyard/internal/types/profile_types.go:153.105,154.14 1 0
railyard/internal/types/profile_types.go:155.10,156.15 1 0
railyard/internal/types/profile_types.go:257.43,258.40 1 0
railyard/internal/types/profile_types.go:258.40,260.3 1 0
railyard/internal/types/profile_types.go:261.2,261.28 1 0
railyard/internal/types/profile_types.go:322.43,328.2 1 1
railyard/internal/types/profile_types.go:330.51,337.2 1 1
railyard/internal/types/profile_types.go:339.35,345.2 1 1
railyard/internal/types/profile_types.go:347.43,353.2 1 1
railyard/internal/types/profile_types.go:355.35,365.2 1 1
railyard/internal/types/profile_types.go:367.47,374.2 1 1
railyard/internal/types/profile_types.go:376.41,377.15 1 1
railyard/internal/types/profile_types.go:384.16,385.14 1 1
railyard/internal/types/profile_types.go:386.10,387.15 1 1
railyard/internal/types/profile_types.go:391.43,392.15 1 1
railyard/internal/types/profile_types.go:393.42,394.14 1 1
railyard/internal/types/profile_types.go:395.10,396.15 1 1
railyard/internal/types/profile_types.go:400.55,401.15 1 1
railyard/internal/types/profile_types.go:402.69,403.14 1 1
railyard/internal/types/profile_types.go:404.10,405.15 1 1
railyard/internal/types/profile_types.go:409.64,411.32 1 1
railyard/internal/types/profile_types.go:411.32,413.3 1 1
railyard/internal/types/profile_types.go:414.2,414.14 1 1
railyard/internal/types/profile_types.go:417.54,420.2 2 1
railyard/internal/types/profile_types.go:422.62,425.30 3 1
railyard/internal/types/profile_types.go:425.30,427.3 1 0
railyard/internal/types/profile_types.go:430.2,430.54 1 1
railyard/internal/types/profile_types.go:430.54,432.3 1 0
railyard/internal/types/profile_types.go:433.2,433.13 1 1
railyard/internal/types/profile_types.go:438.68,440.48 1 1
railyard/internal/types/profile_types.go:440.48,442.3 1 1
railyard/internal/types/profile_types.go:444.2,444.49 1 1
railyard/internal/types/profile_types.go:444.49,446.3 1 1
railyard/internal/types/profile_types.go:448.2,448.33 1 1
railyard/internal/types/profile_types.go:448.33,450.18 1 1
railyard/internal/types/profile_types.go:450.18,452.4 1 1
railyard/internal/types/profile_types.go:453.3,454.36 1 1
railyard/internal/types/profile_types.go:454.36,456.4 1 0
railyard/internal/types/profile_types.go:457.3,457.47 1 1
railyard/internal/types/profile_types.go:457.47,459.4 1 1
railyard/internal/types/profile_types.go:462.3,463.46 2 1
railyard/internal/types/profile_types.go:463.46,465.4 1 1
railyard/internal/types/profile_types.go:467.3,467.54 1 1
railyard/internal/types/profile_types.go:467.54,469.4 1 0
railyard/internal/types/profile_types.go:472.3,472.65 1 1
railyard/internal/types/profile_types.go:472.65,474.4 1 1
railyard/internal/types/profile_types.go:475.3,475.39 1 1
railyard/internal/types/profile_types.go:475.39,477.4 1 0
railyard/internal/types/profile_types.go:478.3,478.87 1 1
railyard/internal/types/profile_types.go:478.87,480.4 1 1
railyard/internal/types/profile_types.go:482.3,482.22 1 1
railyard/internal/types/profile_types.go:485.2,485.15 1 1
railyard/internal/types/registry_types.go:12.39,13.24 1 0
railyard/internal/types/registry_types.go:13.24,15.3 1 0
railyard/internal/types/registry_types.go:16.2,16.14 1 0
railyard/internal/lock/lock.go:26.38,27.64 1 1
railyard/internal/lock/lock.go:27.64,29.3 1 0
railyard/internal/lock/lock.go:31.2,33.16 3 1
railyard/internal/lock/lock.go:33.16,35.3 1 0
railyard/internal/lock/lock.go:36.2,36.13 1 1
railyard/internal/lock/lock.go:36.13,38.3 1 1
railyard/internal/lock/lock.go:40.2,40.42 1 1
railyard/internal/lock/lock.go:44.32,45.14 1 1
railyard/internal/lock/lock.go:45.14,47.3 1 0
railyard/internal/lock/lock.go:49.2,52.16 3 1
railyard/internal/lock/lock.go:52.16,54.3 1 1
railyard/internal/lock/lock.go:56.2,56.40 1 1
railyard/internal/lock/lock.go:56.40,58.3 1 0
railyard/internal/lock/lock.go:60.2,61.12 2 1
railyard/internal/updater/updater.go:27.38,29.16 2 1
railyard/internal/updater/updater.go:29.16,31.3 1 0
railyard/internal/updater/updater.go:33.2,33.29 1 1
railyard/internal/updater/updater.go:33.29,34.60 1 1
railyard/internal/updater/updater.go:34.60,36.18 2 1
railyard/internal/updater/updater.go:36.18,38.5 1 0
railyard/internal/updater/updater.go:41.2,41.12 1 1
railyard/internal/updater/updater.go:44.121,47.16 3 1
railyard/internal/updater/updater.go:47.16,49.3 1 0
railyard/internal/updater/updater.go:50.2,51.16 2 1
railyard/internal/updater/updater.go:51.16,54.3 2 0
railyard/internal/updater/updater.go:56.2,56.29 1 1
railyard/internal/updater/updater.go:56.29,57.45 1 1
railyard/internal/updater/updater.go:57.45,65.18 3 0
railyard/internal/updater/updater.go:65.18,68.5 2 0
railyard/internal/updater/updater.go:69.4,69.23 1 0
railyard/internal/updater/updater.go:69.23,71.25 2 0
railyard/internal/updater/updater.go:72.20,73.68 1 0
railyard/internal/updater/updater.go:73.68,75.7 1 0
railyard/internal/updater/updater.go:76.6,76.68 1 0
railyard/internal/updater/updater.go:76.68,78.7 1 0
railyard/internal/updater/updater.go:79.19,80.38 1 0
railyard/internal/updater/updater.go:81.18,82.45 1 0
railyard/internal/updater/updater.go:84.5,84.26 1 0
railyard/internal/updater/updater.go:84.26,87.6 2 0
railyard/internal/updater/updater.go:88.5,89.19 2 0
railyard/internal/updater/updater.go:89.19,92.6 2 0
railyard/internal/updater/updater.go:94.4,94.9 1 0
railyard/internal/updater/updater.go:97.2,97.12 1 1
railyard/internal/updater/updater.go:100.133,105.16 3 1
railyard/internal/updater/updater.go:105.16,108.3 2 0
railyard/internal/updater/updater.go:109.2,111.38 2 1
railyard/internal/updater/updater.go:111.38,114.3 2 1
railyard/internal/updater/updater.go:116.2,117.16 2 0
railyard/internal/updater/updater.go:117.16,120.3 2 0
railyard/internal/updater/updater.go:123.2,131.16 3 0
railyard/internal/updater/updater.go:131.16,135.3 3 0
railyard/internal/updater/updater.go:137.2,138.16 2 0
railyard/internal/updater/updater.go:138.16,142.3 3 0
railyard/internal/updater/updater.go:144.2,145.29 2 0
railyard/internal/updater/updater.go:145.29,148.17 3 0
railyard/internal/updater/updater.go:148.17,152.4 3 0
railyard/internal/updater/updater.go:153.3,153.25 1 0
railyard/internal/updater/updater.go:155.2,155.31 1 0
railyard/internal/updater/updater.go:155.31,157.17 2 0
railyard/internal/updater/updater.go:157.17,161.4 3 0
railyard/internal/updater/updater.go:163.2,163.30 1 0
railyard/internal/updater/updater.go:163.30,168.17 2 0
railyard/internal/updater/updater.go:168.17,172.4 3 0
railyard/internal/updater/updater.go:173.3,173.17 1 0
railyard/internal/updater/updater.go:175.2,177.12 3 0
railyard/internal/updater/updater.go:180.55,187.45 6 1
railyard/internal/updater/updater.go:187.45,189.3 1 1
railyard/internal/updater/updater.go:192.2,198.68 5 1
railyard/internal/updater/updater.go:198.68,201.33 3 1
railyard/internal/updater/updater.go:201.33,203.4 1 0
railyard/internal/updater/updater.go:204.3,204.34 1 1
railyard/internal/updater/updater.go:204.34,206.4 1 1
railyard/internal/updater/updater.go:207.3,207.34 1 1
railyard/internal/updater/updater.go:207.34,209.4 1 1
railyard/internal/updater/updater.go:211.2,211.14 1 1
railyard/internal/updater/updater.go:214.116,225.41 4 1
railyard/internal/updater/updater.go:225.41,228.35 3 1
railyard/internal/updater/updater.go:228.35,230.5 1 0
railyard/internal/updater/updater.go:233.2,233.16 1 1
railyard/internal/updater/updater.go:233.16,236.3 2 0
railyard/internal/updater/updater.go:238.2,238.38 1 1
railyard/internal/updater/updater.go:238.38,242.3 3 1
railyard/internal/updater/updater.go:243.2,246.16 3 1
railyard/internal/updater/updater.go:246.16,249.3 2 0
railyard/internal/updater/updater.go:251.2,252.16 2 1
railyard/internal/updater/updater.go:252.16,255.3 2 1
railyard/internal/updater/updater.go:257.2,259.31 3 1
railyard/internal/updater/updater.go:259.31,267.36 2 1
railyard/internal/updater/updater.go:267.36,268.53 1 1
railyard/internal/updater/updater.go:268.53,270.5 1 1
railyard/internal/updater/updater.go:271.4,271.59 1 1
railyard/internal/updater/updater.go:271.59,273.5 1 1
railyard/internal/updater/updater.go:274.4,274.59 1 1
railyard/internal/updater/updater.go:274.59,276.5 1 1
railyard/internal/updater/updater.go:277.4,277.59 1 1
railyard/internal/updater/updater.go:277.59,279.5 1 1
railyard/internal/updater/updater.go:281.3,281.42 1 1
railyard/internal/updater/updater.go:281.42,283.4 1 1
railyard/internal/updater/updater.go:284.3,284.33 1 1
railyard/internal/updater/updater.go:286.2,286.22 1 1
railyard/internal/updater/updater.go:289.73,292.43 2 1
railyard/internal/updater/updater.go:292.43,294.3 1 1
railyard/internal/updater/updater.go:296.2,296.36 1 1
railyard/internal/updater/updater.go:296.36,298.3 1 1
railyard/internal/updater/updater.go:300.2,300.41 1 1
railyard/internal/updater/updater.go:300.41,302.3 1 1
railyard/internal/updater/updater.go:304.2,304.41 1 1
railyard/internal/updater/updater.go:304.41,306.3 1 1
railyard/internal/updater/updater.go:307.2,307.16 1 1
railyard/internal/updater/updater_windows.go:16.33,19.2 2 0
railyard/internal/updater/updater_windows.go:22.75,27.16 4 0
railyard/internal/updater/updater_windows.go:27.16,29.3 1 0
railyard/internal/updater/updater_windows.go:31.2,32.22 2 0
railyard/internal/updater/updater_windows.go:32.22,34.3 1 0
railyard/internal/updater/updater_windows.go:37.2,46.15 2 0
railyard/internal/updater/updater_windows.go:46.15,48.3 1 0
railyard/internal/updater/updater_windows.go:49.2,49.12 1 0
railyard/internal/files/archive.go:17.84,19.16 2 1
railyard/internal/files/archive.go:19.16,21.3 1 0
railyard/internal/files/archive.go:22.2,24.13 2 1
railyard/internal/files/archive.go:24.13,29.3 4 0
railyard/internal/files/archive.go:31.2,32.12 2 1
railyard/internal/files/archive.go:35.88,37.16 2 1
railyard/internal/files/archive.go:37.16,39.3 1 0
railyard/internal/files/archive.go:40.2,41.51 2 1
railyard/internal/files/archive.go:41.51,44.3 2 0
railyard/internal/files/archive.go:46.2,46.67 1 1
railyard/internal/files/archive.go:46.67,49.3 2 0
railyard/internal/files/archive.go:51.2,51.22 1 1
railyard/internal/files/archive.go:57.34,59.16 2 1
railyard/internal/files/archive.go:59.16,61.3 1 0
railyard/internal/files/archive.go:62.2,64.52 2 1
railyard/internal/files/archive.go:68.68,70.16 2 1
railyard/internal/files/archive.go:70.16,72.3 1 0
railyard/internal/files/archive.go:73.2,76.16 3 1
railyard/internal/files/archive.go:76.16,78.3 1 0
railyard/internal/files/archive.go:80.2,81.16 2 1
railyard/internal/files/archive.go:81.16,83.3 1 0
railyard/internal/files/archive.go:85.2,86.16 2 1
railyard/internal/files/archive.go:86.16,88.3 1 0
railyard/internal/files/archive.go:89.2,91.52 2 1
railyard/internal/files/archive.go:91.52,93.3 1 0
railyard/internal/files/archive.go:95.2,96.12 2 1
railyard/internal/files/archive.go:100.75,101.93 1 1
railyard/internal/files/archive.go:101.93,102.17 1 1
railyard/internal/files/archive.go:102.17,104.4 1 0
railyard/internal/files/archive.go:106.3,107.17 2 1
railyard/internal/files/archive.go:107.17,109.4 1 0
railyard/internal/files/archive.go:111.3,111.23 1 1
railyard/internal/files/archive.go:111.23,113.4 1 1
railyard/internal/files/archive.go:115.3,116.17 2 1
railyard/internal/files/archive.go:116.17,118.4 1 0
railyard/internal/files/archive.go:119.3,121.53 2 1
railyard/internal/files/archive.go:121.53,123.4 1 0
railyard/internal/files/archive.go:125.3,126.17 2 1
railyard/internal/files/archive.go:126.17,128.4 1 0
railyard/internal/files/archive.go:129.3,132.13 3 1
railyard/internal/files/archive.go:137.61,139.16 2 1
railyard/internal/files/archive.go:139.16,141.3 1 0
railyard/internal/files/archive.go:142.2,146.6 3 1
railyard/internal/files/archive.go:146.6,148.20 2 1
railyard/internal/files/archive.go:148.20,149.9 1 1
railyard/internal/files/archive.go:151.3,151.17 1 1
railyard/internal/files/archive.go:151.17,153.4 1 0
railyard/internal/files/archive.go:155.3,157.37 2 1
railyard/internal/files/archive.go:157.37,158.63 1 0
railyard/internal/files/archive.go:158.63,160.5 1 0
railyard/internal/files/archive.go:161.4,161.12 1 0
railyard/internal/files/archive.go:164.3,165.61 2 1
railyard/internal/files/archive.go:165.61,167.4 1 0
railyard/internal/files/archive.go:169.3,170.17 2 1
railyard/internal/files/archive.go:170.17,172.4 1 0
railyard/internal/files/archive.go:173.3,175.57 2 1
railyard/internal/files/archive.go:175.57,177.4 1 0
railyard/internal/files/archive.go:180.2,180.12 1 1
railyard/internal/files/archive.go:185.96,189.16 3 1
railyard/internal/files/archive.go:189.16,191.3 1 0
railyard/internal/files/archive.go:192.2,195.6 3 1
railyard/internal/files/archive.go:195.6,197.24 2 1
railyard/internal/files/archive.go:197.24,199.4 1 1
railyard/internal/files/archive.go:200.3,200.21 1 1
railyard/internal/files/archive.go:200.21,202.4 1 0
railyard/internal/files/archive.go:203.3,203.32 1 1
railyard/internal/files/archive.go:203.32,204.12 1 0
railyard/internal/files/archive.go:207.3,208.50 2 1
railyard/internal/files/archive.go:208.50,209.12 1 1
railyard/internal/files/archive.go:212.3,213.21 2 1
railyard/internal/files/archive.go:213.21,215.4 1 0
railyard/internal/files/archive.go:216.3,217.23 2 1
railyard/internal/files/archive.go:217.23,219.4 1 1
railyard/internal/files/archive.go:220.3,220.28 1 1
railyard/internal/files/archive.go:225.80,227.2 1 1
railyard/internal/files/archive.go:230.43,231.89 1 1
railyard/internal/files/archive.go:231.89,232.17 1 1
railyard/internal/files/archive.go:232.17,234.4 1 0
railyard/internal/files/archive.go:236.3,237.17 2 1
railyard/internal/files/archive.go:237.17,239.4 1 0
railyard/internal/files/archive.go:241.3,243.23 2 1
railyard/internal/files/archive.go:243.23,245.4 1 1
railyard/internal/files/archive.go:247.3,248.17 2 1
railyard/internal/files/archive.go:248.17,250.4 1 0
railyard/internal/files/archive.go:251.3,254.17 3 1
railyard/internal/files/archive.go:254.17,256.4 1 0
railyard/internal/files/archive.go:257.3,260.13 3 1
railyard/internal/files/archive.go:265.120,267.16 2 1
railyard/internal/files/archive.go:267.16,270.3 2 1
railyard/internal/files/archive.go:271.2,273.68 2 1
railyard/internal/files/archive.go:273.68,276.3 2 0
railyard/internal/files/archive.go:278.2,279.16 2 1
railyard/internal/files/archive.go:279.16,282.3 2 0
railyard/internal/files/archive.go:283.2,285.53 2 1
railyard/internal/files/archive.go:285.53,288.3 2 0
railyard/internal/files/archive.go:290.2,290.38 1 1
railyard/internal/files/archive.go:294.102,296.16 2 1
railyard/internal/files/archive.go:296.16,299.3 2 0
railyard/internal/files/archive.go:300.2,303.16 3 1
railyard/internal/files/archive.go:303.16,306.3 2 0
railyard/internal/files/archive.go:307.2,309.53 2 1
railyard/internal/files/archive.go:309.53,312.3 2 0
railyard/internal/files/archive.go:313.2,313.38 1 1
railyard/internal/files/atomic.go:53.40,54.11 1 1
railyard/internal/files/atomic.go:54.11,56.3 1 1
railyard/internal/files/atomic.go:57.2,57.15 1 1
railyard/internal/files/atomic.go:61.52,63.29 2 1
railyard/internal/files/atomic.go:63.29,64.54 1 1
railyard/internal/files/atomic.go:64.54,65.89 1 0
railyard/internal/files/atomic.go:67.3,70.4 1 1
railyard/internal/files/atomic.go:73.2,73.48 1 1
railyard/internal/files/atomic.go:73.48,75.3 1 1
railyard/internal/files/atomic.go:77.2,79.27 3 1
railyard/internal/files/atomic.go:83.37,88.29 4 1
railyard/internal/files/atomic.go:88.29,89.42 1 1
railyard/internal/files/atomic.go:89.42,90.12 1 0
railyard/internal/files/atomic.go:92.3,94.91 2 1
railyard/internal/files/atomic.go:94.91,96.4 1 0
railyard/internal/files/atomic.go:99.2,99.29 1 1
railyard/internal/files/atomic.go:102.51,108.2 5 1
railyard/internal/files/atomic.go:110.63,112.54 2 1
railyard/internal/files/atomic.go:112.54,113.51 1 1
railyard/internal/files/atomic.go:113.51,115.4 1 1
railyard/internal/files/atomic.go:117.2,117.34 1 1
railyard/internal/files/atomic.go:120.52,123.2 2 1
railyard/internal/files/atomic.go:125.65,127.55 2 1
railyard/internal/files/atomic.go:127.55,129.3 1 0
railyard/internal/files/atomic.go:130.2,130.74 1 1
railyard/internal/files/atomic.go:133.62,135.55 2 1
railyard/internal/files/atomic.go:135.55,137.3 1 0
railyard/internal/files/atomic.go:138.2,138.73 1 1
railyard/internal/files/atomic.go:143.59,145.31 2 1
railyard/internal/files/atomic.go:145.31,147.3 1 1
railyard/internal/files/atomic.go:148.2,148.41 1 1
railyard/internal/files/atomic.go:152.55,153.22 1 1
railyard/internal/files/atomic.go:153.22,155.3 1 0
railyard/internal/files/atomic.go:157.2,158.31 2 1
railyard/internal/files/atomic.go:158.31,160.17 2 1
railyard/internal/files/atomic.go:160.17,163.4 2 1
railyard/internal/files/atomic.go:164.3,164.41 1 1
railyard/internal/files/atomic.go:167.2,167.38 1 1
railyard/internal/files/atomic.go:170.60,171.26 1 1
railyard/internal/files/atomic.go:171.26,172.59 1 1
railyard/internal/files/atomic.go:172.59,177.4 4 1
railyard/internal/files/atomic.go:180.2,182.12 3 1
railyard/internal/files/atomic.go:186.81,191.22 4 1
railyard/internal/files/atomic.go:191.22,193.3 1 0
railyard/internal/files/atomic.go:194.2,194.21 1 1
railyard/internal/files/atomic.go:194.21,196.3 1 0
railyard/internal/files/atomic.go:197.2,197.69 1 1
railyard/internal/files/atomic.go:197.69,199.3 1 0
railyard/internal/files/atomic.go:201.2,202.51 2 1
railyard/internal/files/atomic.go:202.51,204.3 1 0
railyard/internal/files/atomic.go:208.2,209.16 2 1
railyard/internal/files/atomic.go:209.16,211.3 1 0
railyard/internal/files/atomic.go:213.2,213.46 1 1
railyard/internal/files/atomic.go:213.46,216.3 2 1
railyard/internal/files/atomic.go:218.2,223.8 1 1
railyard/internal/files/atomic.go:226.76,230.22 3 1
railyard/internal/files/atomic.go:230.22,232.3 1 0
railyard/internal/files/atomic.go:233.2,233.51 1 1
railyard/internal/files/atomic.go:233.51,235.3 1 0
railyard/internal/files/atomic.go:236.2,236.21 1 1
railyard/internal/files/atomic.go:236.21,238.3 1 1
railyard/internal/files/atomic.go:239.2,239.70 1 1
railyard/internal/files/atomic.go:239.70,241.3 1 0
railyard/internal/files/atomic.go:244.2,245.48 2 1
railyard/internal/files/atomic.go:245.48,247.3 1 0
railyard/internal/files/atomic.go:249.2,249.28 1 1
railyard/internal/files/atomic.go:249.28,251.17 2 1
railyard/internal/files/atomic.go:251.17,253.4 1 0
railyard/internal/files/atomic.go:254.3,254.25 1 1
railyard/internal/files/atomic.go:254.25,256.4 1 0
railyard/internal/files/atomic.go:257.3,262.9 1 1
railyard/internal/files/atomic.go:265.2,266.16 2 1
railyard/internal/files/atomic.go:266.16,268.3 1 0
railyard/internal/files/atomic.go:271.2,271.82 1 1
railyard/internal/files/atomic.go:271.82,274.3 2 0
railyard/internal/files/atomic.go:276.2,276.51 1 1
railyard/internal/files/atomic.go:276.51,278.3 1 0
railyard/internal/files/atomic.go:280.2,280.54 1 1
railyard/internal/files/atomic.go:280.54,282.3 1 0
railyard/internal/files/atomic.go:284.2,284.40 1 1
railyard/internal/files/atomic.go:284.40,286.3 1 0
railyard/internal/files/atomic.go:288.2,288.41 1 1
railyard/internal/files/atomic.go:288.41,291.3 2 0
railyard/internal/files/atomic.go:293.2,298.8 1 1
railyard/internal/files/atomic.go:302.48,303.21 1 0
railyard/internal/files/atomic.go:303.21,305.3 1 0
railyard/internal/files/atomic.go:306.2,307.32 2 0
railyard/internal/files/atomic.go:311.71,317.70 4 1
railyard/internal/files/atomic.go:317.70,318.53 1 1
railyard/internal/files/atomic.go:318.53,320.4 1 0
railyard/internal/files/atomic.go:321.3,321.13 1 1
railyard/internal/files/atomic.go:325.2,325.50 1 1
railyard/internal/files/atomic.go:325.50,327.3 1 1
railyard/internal/files/atomic.go:329.2,330.71 2 1
railyard/internal/files/atomic.go:330.71,332.3 1 0
railyard/internal/files/atomic.go:333.2,333.71 1 1
railyard/internal/files/atomic.go:333.71,335.3 1 0
railyard/internal/files/atomic.go:336.2,336.12 1 1
railyard/internal/files/atomic.go:340.56,341.50 1 1
railyard/internal/files/atomic.go:341.50,342.35 1 1
railyard/internal/files/atomic.go:342.35,344.4 1 1
railyard/internal/files/atomic.go:345.3,345.35 1 1
railyard/internal/files/atomic.go:345.35,347.4 1 0
railyard/internal/files/atomic.go:348.3,351.65 4 1
railyard/internal/files/atomic.go:351.65,353.4 1 0
railyard/internal/files/atomic.go:354.3,354.28 1 1
railyard/internal/files/atomic.go:355.8,355.44 1 1
railyard/internal/files/atomic.go:355.44,357.3 1 0
railyard/internal/files/atomic.go:359.2,359.62 1 1
railyard/internal/files/atomic.go:359.62,360.25 1 0
railyard/internal/files/atomic.go:360.25,363.4 2 0
railyard/internal/files/atomic.go:364.3,364.137 1 0
railyard/internal/files/atomic.go:367.2,368.12 2 1
railyard/internal/files/atomic.go:373.51,374.42 1 1
railyard/internal/files/atomic.go:374.42,376.25 2 1
railyard/internal/files/atomic.go:376.25,377.12 1 1
railyard/internal/files/atomic.go:381.3,381.50 1 1
railyard/internal/files/atomic.go:381.50,384.12 3 1
railyard/internal/files/atomic.go:387.3,387.31 1 0
railyard/internal/files/atomic.go:392.50,393.33 1 1
railyard/internal/files/atomic.go:393.33,394.27 1 1
railyard/internal/files/atomic.go:394.27,396.4 1 1
railyard/internal/files/atomic.go:401.49,402.33 1 1
railyard/internal/files/atomic.go:402.33,403.52 1 1
railyard/internal/files/atomic.go:403.52,404.12 1 1
railyard/internal/files/atomic.go:406.3,406.37 1 1
railyard/internal/files/copy.go:16.58,17.58 1 1
railyard/internal/files/copy.go:17.58,19.3 1 0
railyard/internal/files/copy.go:20.2,20.73 1 1
railyard/internal/files/copy.go:24.72,25.63 1 1
railyard/internal/files/copy.go:25.63,26.17 1 1
railyard/internal/files/copy.go:26.17,28.4 1 0
railyard/internal/files/copy.go:29.3,29.18 1 1
railyard/internal/files/copy.go:29.18,31.4 1 1
railyard/internal/files/copy.go:33.3,34.20 2 1
railyard/internal/files/copy.go:34.20,36.4 1 1
railyard/internal/files/copy.go:38.3,39.79 2 1
railyard/internal/files/copy.go:39.79,41.4 1 1
railyard/internal/files/copy.go:42.3,42.56 1 1
railyard/internal/files/copy.go:47.97,48.73 1 1
railyard/internal/files/copy.go:48.73,50.3 1 0
railyard/internal/files/copy.go:52.2,53.16 2 1
railyard/internal/files/copy.go:53.16,55.3 1 0
railyard/internal/files/copy.go:56.2,59.16 3 1
railyard/internal/files/copy.go:59.16,61.3 1 0
railyard/internal/files/copy.go:62.2,62.57 1 1
railyard/internal/files/copy.go:62.57,65.3 2 0
railyard/internal/files/copy.go:66.2,66.25 1 1
railyard/internal/files/copy.go:70.120,71.40 1 1
railyard/internal/files/copy.go:71.40,72.37 1 1
railyard/internal/files/copy.go:72.37,74.4 1 1
railyard/internal/files/copy.go:75.3,76.110 2 0
railyard/internal/files/copy.go:78.2,78.71 1 1
railyard/internal/files/directory.go:11.51,13.90 2 1
railyard/internal/files/directory.go:13.90,14.21 1 1
railyard/internal/files/directory.go:14.21,16.4 1 0
railyard/internal/files/directory.go:17.3,17.20 1 1
railyard/internal/files/directory.go:17.20,19.4 1 1
railyard/internal/files/directory.go:20.3,21.21 2 1
railyard/internal/files/directory.go:21.21,23.4 1 0
railyard/internal/files/directory.go:24.3,25.13 2 1
railyard/internal/files/directory.go:27.2,27.16 1 1
railyard/internal/files/directory.go:27.16,29.3 1 0
railyard/internal/files/directory.go:30.2,30.19 1 1
railyard/internal/files/directory.go:34.81,36.16 2 1
railyard/internal/files/directory.go:36.16,38.3 1 0
railyard/internal/files/directory.go:39.2,39.16 1 1
railyard/internal/files/directory.go:39.16,41.3 1 1
railyard/internal/files/directory.go:43.2,43.31 1 1
railyard/internal/files/directory.go:47.74,48.44 1 1
railyard/internal/files/directory.go:48.44,49.37 1 1
railyard/internal/files/directory.go:49.37,51.4 1 1
railyard/internal/files/directory.go:52.3,52.20 1 0
railyard/internal/files/directory.go:55.2,56.47 2 1
railyard/internal/files/directory.go:56.47,57.37 1 1
railyard/internal/files/directory.go:57.37,59.4 1 1
railyard/internal/files/directory.go:60.3,60.20 1 0
railyard/internal/files/directory.go:63.2,63.18 1 1
railyard/internal/files/installed_size.go:12.92,13.73 1 1
railyard/internal/files/installed_size.go:13.73,15.3 1 0
railyard/internal/files/installed_size.go:17.2,18.54 2 1
railyard/internal/files/installed_size.go:22.113,23.76 1 1
railyard/internal/files/installed_size.go:23.76,25.3 1 0
railyard/internal/files/installed_size.go:27.2,29.16 3 1
railyard/internal/files/installed_size.go:29.16,31.3 1 0
railyard/internal/files/installed_size.go:33.2,35.16 3 1
railyard/internal/files/installed_size.go:35.16,37.3 1 0
railyard/internal/files/installed_size.go:39.2,39.29 1 1
railyard/internal/files/installed_size.go:44.55,45.39 1 1
railyard/internal/files/installed_size.go:45.39,47.3 1 0
railyard/internal/files/installed_size.go:49.2,50.16 2 1
railyard/internal/files/installed_size.go:50.16,52.3 1 1
railyard/internal/files/installed_size.go:53.2,53.36 1 1
railyard/internal/files/installed_size.go:53.36,55.3 1 1
railyard/internal/files/installed_size.go:56.2,56.15 1 0
railyard/internal/files/json.go:20.82,24.36 3 1
railyard/internal/files/json.go:24.36,25.79 1 1
railyard/internal/files/json.go:25.79,27.4 1 0
railyard/internal/files/json.go:28.3,28.32 1 1
railyard/internal/files/json.go:30.2,30.16 1 1
railyard/internal/files/json.go:30.16,31.58 1 1
railyard/internal/files/json.go:31.58,33.4 1 1
railyard/internal/files/json.go:34.3,34.72 1 1
railyard/internal/files/json.go:37.2,37.37 1 1
railyard/internal/files/json.go:37.37,38.22 1 1
railyard/internal/files/json.go:38.22,40.4 1 1
railyard/internal/files/json.go:41.3,41.79 1 1
railyard/internal/files/json.go:44.2,45.55 2 1
railyard/internal/files/json.go:45.55,47.3 1 1
railyard/internal/files/json.go:49.2,49.21 1 1
railyard/internal/files/json.go:54.61,56.37 2 1
railyard/internal/files/json.go:56.37,58.3 1 1
railyard/internal/files/json.go:60.2,61.55 2 1
railyard/internal/files/json.go:61.55,63.3 1 1
railyard/internal/files/json.go:64.2,64.21 1 1
railyard/internal/files/json.go:69.65,72.16 2 1
railyard/internal/files/json.go:72.16,74.3 1 1
railyard/internal/files/json.go:76.2,83.17 1 1
railyard/internal/files/json.go:83.17,85.3 1 1
railyard/internal/files/json.go:87.2,87.12 1 1
railyard/internal/files/map_validation.go:38.86,50.32 2 1
railyard/internal/files/map_validation.go:50.32,51.20 1 1
railyard/internal/files/map_validation.go:52.26,53.106 1 1
railyard/internal/files/map_validation.go:54.26,55.110 1 1
railyard/internal/files/map_validation.go:56.25,57.105 1 1
railyard/internal/files/map_validation.go:58.27,59.107 1 1
railyard/internal/files/map_validation.go:60.29,61.109 1 1
railyard/internal/files/map_validation.go:62.30,63.111 1 0
railyard/internal/files/map_validation.go:65.3,65.44 1 1
railyard/internal/files/map_validation.go:65.44,67.4 1 1
railyard/internal/files/map_validation.go:68.3,68.49 1 1
railyard/internal/files/map_validation.go:68.49,70.4 1 0
railyard/internal/files/map_validation.go:73.2,73.19 1 1
railyard/internal/files/map_validation.go:77.95,80.16 3 1
railyard/internal/files/map_validation.go:80.16,82.3 1 0
railyard/internal/files/map_validation.go:83.2,87.39 3 1
railyard/internal/files/map_validation.go:87.39,89.3 1 1
railyard/internal/files/map_validation.go:91.2,92.16 2 1
railyard/internal/files/map_validation.go:92.16,94.3 1 0
railyard/internal/files/map_validation.go:95.2,98.16 3 1
railyard/internal/files/map_validation.go:98.16,100.3 1 0
railyard/internal/files/map_validation.go:102.2,103.16 2 1
railyard/internal/files/map_validation.go:103.16,105.3 1 1
railyard/internal/files/map_validation.go:106.2,106.61 1 1
railyard/internal/files/map_validation.go:106.61,108.3 1 1
railyard/internal/files/map_validation.go:110.2,110.28 1 1
railyard/internal/files/map_validation.go:113.122,117.16 4 1
railyard/internal/files/map_validation.go:117.16,119.3 1 0
railyard/internal/files/map_validation.go:120.2,123.16 3 1
railyard/internal/files/map_validation.go:123.16,125.3 1 0
railyard/internal/files/map_validation.go:126.2,127.16 2 1
railyard/internal/files/map_validation.go:127.16,129.3 1 1
railyard/internal/files/map_validation.go:130.2,130.61 1 1
railyard/internal/files/map_validation.go:130.61,132.3 1 1
railyard/internal/files/map_validation.go:134.2,134.28 1 1
railyard/internal/files/map_validation.go:139.159,140.13 1 1
railyard/internal/files/map_validation.go:140.13,142.48 2 1
railyard/internal/files/map_validation.go:142.48,143.38 1 1
railyard/internal/files/map_validation.go:143.38,145.5 1 1
railyard/internal/files/map_validation.go:146.4,146.132 1 0
railyard/internal/files/map_validation.go:150.2,150.109 1 1
railyard/internal/files/map_validation.go:150.109,152.3 1 1
railyard/internal/files/map_validation.go:154.2,154.57 1 1
railyard/internal/files/map_validation.go:157.77,158.40 1 1
railyard/internal/files/map_validation.go:158.40,159.47 1 1
railyard/internal/files/map_validation.go:159.47,161.4 1 1
railyard/internal/files/map_validation.go:163.2,163.13 1 1
railyard/internal/files/map_validation.go:166.136,175.41 2 1
railyard/internal/files/map_validation.go:175.41,176.46 1 1
railyard/internal/files/map_validation.go:176.46,177.38 1 1
railyard/internal/files/map_validation.go:177.38,179.5 1 1
railyard/internal/files/map_validation.go:180.4,180.110 1 0
railyard/internal/files/map_validation.go:183.2,183.16 1 1
railyard/internal/requests/requests.go:26.34,28.2 1 1
railyard/internal/requests/requests.go:31.39,45.2 1 0
railyard/internal/requests/requests.go:47.37,50.2 2 1
railyard/internal/requests/requests.go:52.99,54.31 2 1
railyard/internal/requests/requests.go:54.31,56.3 1 1
railyard/internal/requests/requests.go:58.2,58.62 1 1
railyard/internal/requests/requests.go:58.62,60.28 2 1
railyard/internal/requests/requests.go:60.28,62.4 1 1
railyard/internal/requests/requests.go:63.3,64.17 2 1
railyard/internal/requests/requests.go:64.17,66.4 1 0
railyard/internal/requests/requests.go:68.3,68.40 1 1
railyard/internal/requests/requests.go:68.40,70.4 1 1
railyard/internal/requests/requests.go:71.3,72.16 2 1
railyard/internal/requests/requests.go:72.16,75.4 1 1
railyard/internal/requests/requests.go:77.3,77.18 1 1
railyard/internal/requests/requests.go:80.2,81.28 2 1
railyard/internal/requests/requests.go:81.28,82.28 1 1
railyard/internal/requests/requests.go:82.28,84.4 1 1
railyard/internal/requests/requests.go:84.9,84.60 1 1
railyard/internal/requests/requests.go:84.60,86.4 1 1
railyard/internal/requests/requests.go:89.2,90.16 2 1
railyard/internal/requests/requests.go:90.16,92.3 1 0
railyard/internal/requests/requests.go:93.2,94.16 2 1
railyard/internal/requests/requests.go:94.16,96.3 1 0
railyard/internal/requests/requests.go:98.2,98.109 1 1
railyard/internal/requests/requests.go:98.109,100.34 1 1
railyard/internal/requests/requests.go:100.34,103.4 1 1
railyard/internal/requests/requests.go:104.3,108.20 3 1
railyard/internal/requests/requests.go:108.20,110.4 1 0
railyard/internal/requests/requests.go:111.3,111.30 1 1
railyard/internal/requests/requests.go:113.2,113.94 1 1
railyard/internal/requests/requests.go:113.94,114.34 1 0
railyard/internal/requests/requests.go:114.34,116.4 1 0
railyard/internal/requests/requests.go:117.3,122.4 2 0
railyard/internal/requests/requests.go:125.2,125.18 1 1
railyard/app.go:39.28,40.16 1 0
railyard/app.go:64.20,76.2 5 0
railyard/app.go:80.44,85.104 5 0
railyard/app.go:85.104,99.43 2 0
railyard/app.go:99.43,101.4 1 0
railyard/app.go:104.2,104.85 1 0
railyard/app.go:104.85,110.3 1 0
railyard/app.go:111.2,111.77 1 0
railyard/app.go:111.77,117.3 1 0
railyard/app.go:118.2,118.90 1 0
railyard/app.go:118.90,124.3 1 0
railyard/app.go:125.2,125.65 1 0
railyard/app.go:125.65,127.3 1 0
railyard/app.go:128.2,128.41 1 0
railyard/app.go:128.41,130.3 1 0
railyard/app.go:131.2,131.52 1 0
railyard/app.go:131.52,133.3 1 0
railyard/app.go:135.2,135.21 1 0
railyard/app.go:135.21,137.3 1 0
railyard/app.go:139.2,139.44 1 0
railyard/app.go:139.44,141.3 1 0
railyard/app.go:143.2,143.41 1 0
railyard/app.go:143.41,145.3 1 0
railyard/app.go:146.2,152.48 5 0
railyard/app.go:152.48,154.3 1 0
railyard/app.go:154.8,156.3 1 0
railyard/app.go:157.2,157.47 1 0
railyard/app.go:157.47,159.3 1 0
railyard/app.go:160.2,160.42 1 0
railyard/app.go:160.42,162.3 1 0
railyard/app.go:165.2,168.52 2 0
railyard/app.go:171.43,175.2 3 1
railyard/app.go:178.59,185.2 3 1
railyard/app.go:188.45,189.21 1 0
railyard/app.go:189.21,191.3 1 0
railyard/app.go:193.2,195.44 2 0
railyard/app.go:195.44,197.3 1 0
railyard/app.go:199.2,199.75 1 0
railyard/app.go:199.75,201.3 1 0
railyard/app.go:202.2,202.58 1 0
railyard/app.go:202.58,204.3 1 0
railyard/app.go:206.2,207.39 2 0
railyard/app.go:207.39,209.3 1 0
railyard/app.go:211.2,211.33 1 0
railyard/app.go:214.54,216.48 2 0
railyard/app.go:216.48,218.3 1 0
railyard/app.go:219.2,219.38 1 0
railyard/app.go:222.80,224.14 2 0
railyard/app.go:224.14,227.3 2 0
railyard/app.go:229.2,230.47 2 0
railyard/app.go:230.47,233.3 2 0
railyard/app.go:235.2,236.34 2 0
railyard/app.go:236.34,238.3 1 0
railyard/app.go:239.2,239.28 1 0
railyard/app.go:242.77,244.62 2 0
railyard/app.go:244.62,245.46 1 0
railyard/app.go:245.46,247.4 1 0
railyard/app.go:251.2,253.27 3 0
railyard/app.go:254.27,255.144 1 0
railyard/app.go:256.26,257.175 1 0
railyard/app.go:260.2,260.25 1 0
railyard/app.go:260.25,266.30 2 0
railyard/app.go:267.28,272.5 1 0
railyard/app.go:273.27,279.5 1 0
railyard/app.go:284.72,286.16 2 0
railyard/app.go:286.16,290.3 2 0
railyard/app.go:293.2,294.51 2 0
railyard/app.go:294.51,296.3 1 0
railyard/app.go:299.42,308.47 3 0
railyard/app.go:308.47,313.3 1 0
railyard/app.go:314.2,314.39 1 0
railyard/app.go:317.47,318.55 1 0
railyard/app.go:318.55,320.3 1 0
railyard/app.go:325.58,327.58 2 0
railyard/app.go:327.58,330.3 2 0
railyard/app.go:331.2,332.41 2 0
railyard/app.go:332.41,337.3 1 0
railyard/app.go:338.2,341.30 3 0
railyard/app.go:341.30,343.3 1 0
railyard/app.go:343.8,345.3 1 0
railyard/app.go:347.2,348.16 2 0
railyard/app.go:348.16,358.3 3 0
railyard/app.go:360.2,361.16 2 0
railyard/app.go:361.16,371.3 3 0
railyard/app.go:373.2,374.24 2 0
railyard/app.go:374.24,384.3 3 0
railyard/app.go:386.2,391.68 3 0
railyard/app.go:391.68,401.3 3 0
railyard/app.go:403.2,409.13 4 0
railyard/app.go:412.50,414.55 2 0
railyard/app.go:414.55,417.3 2 0
railyard/app.go:418.2,421.41 3 0
railyard/app.go:421.41,423.3 1 0
railyard/app.go:425.2,428.45 3 0
railyard/app.go:428.45,430.3 1 0
railyard/app.go:430.8,431.58 1 0
railyard/app.go:431.58,433.4 1 0
railyard/app.go:436.2,437.16 2 0
railyard/app.go:437.16,440.3 2 0
railyard/app.go:442.2,447.44 4 0
railyard/app.go:447.44,450.3 2 0
railyard/app.go:452.2,456.108 4 0
railyard/app.go:456.108,460.41 2 0
railyard/app.go:460.41,464.4 2 0
railyard/app.go:465.3,468.46 4 0
railyard/app.go:468.46,469.53 1 0
railyard/app.go:469.53,471.5 1 0
railyard/app.go:473.8,473.36 1 0
railyard/app.go:473.36,475.75 1 0
railyard/app.go:475.75,476.44 1 0
railyard/app.go:476.44,481.5 3 0
railyard/app.go:481.10,485.5 3 0
railyard/app.go:486.9,491.4 3 0
railyard/app.go:492.3,492.46 1 0
railyard/app.go:492.46,493.53 1 0
railyard/app.go:493.53,495.5 1 0
railyard/app.go:497.8,501.46 3 0
railyard/app.go:501.46,502.53 1 0
railyard/app.go:502.53,504.5 1 0
railyard/app.go:508.2,509.16 2 0
railyard/app.go:509.16,511.3 1 0
railyard/app.go:512.2,513.16 2 0
railyard/app.go:513.16,515.3 1 0
railyard/app.go:517.2,517.36 1 0
railyard/app.go:517.36,520.3 2 0
railyard/app.go:522.2,538.12 8 0
railyard/app.go:538.12,545.17 6 0
railyard/app.go:545.17,546.48 1 0
railyard/app.go:546.48,548.5 1 0
railyard/app.go:549.4,549.57 1 0
railyard/app.go:550.9,552.4 1 0
railyard/app.go:553.3,554.59 2 0
railyard/app.go:557.2,557.47 1 0
railyard/app.go:560.60,562.21 2 0
railyard/app.go:562.21,568.3 2 0
railyard/app.go:571.57,578.2 3 0
railyard/app.go:580.48,586.43 5 0
railyard/app.go:586.43,589.3 2 0
railyard/app.go:591.2,591.28 1 0
railyard/app.go:591.28,594.3 2 0
railyard/app.go:596.2,596.43 1 0
railyard/app.go:596.43,599.3 2 0
railyard/app.go:601.2,603.46 3 0
railyard/app.go:606.63,610.2 3 0
railyard/app.go:612.60,618.2 2 0
railyard/app.go:620.59,622.29 2 0
railyard/app.go:622.29,623.84 1 0
railyard/app.go:626.2,626.39 1 0
railyard/app.go:626.39,629.3 2 0
railyard/app.go:631.2,634.16 4 0
railyard/app.go:634.16,637.3 2 0
railyard/app.go:639.2,640.68 2 0
railyard/app.go:640.68,643.3 2 0
railyard/app.go:645.2,646.74 2 0
railyard/app.go:646.74,648.3 1 0
railyard/app.go:648.8,650.3 1 0
railyard/app.go:651.2,651.34 1 0
railyard/app.go:651.34,654.3 2 0
railyard/app.go:655.2,656.57 2 0
railyard/app.go:659.64,661.69 2 0
railyard/app.go:661.69,662.89 1 0
railyard/app.go:662.89,664.4 1 0
railyard/app.go:667.2,670.3 1 0
railyard/app.go:673.52,678.2 1 0
railyard/app.go:680.49,682.16 2 0
railyard/app.go:682.16,685.3 2 0
railyard/app.go:686.2,693.63 5 0
railyard/app.go:693.63,695.17 2 0
railyard/app.go:695.17,699.4 3 0
railyard/app.go:700.3,703.25 3 0
railyard/app.go:703.25,705.4 1 0
railyard/app.go:707.3,708.79 2 0
railyard/app.go:708.79,712.4 3 0
railyard/app.go:713.3,713.84 1 0
railyard/app.go:713.84,716.18 3 0
railyard/app.go:716.18,719.5 2 0
railyard/app.go:720.4,728.30 3 0
railyard/app.go:728.30,729.18 1 0
railyard/app.go:729.18,730.14 1 0
railyard/app.go:732.5,733.108 2 0
railyard/app.go:735.4,735.35 1 0
railyard/app.go:737.3,737.68 1 0
railyard/app.go:737.68,741.4 3 0
railyard/app.go:742.3,747.63 3 0
railyard/app.go:749.2,749.24 1 0
railyard/app.go:752.51,756.50 3 0
railyard/app.go:756.50,758.45 2 0
railyard/app.go:758.45,759.12 1 0
railyard/app.go:761.3,761.159 1 0
railyard/app.go:761.159,762.12 1 0
railyard/app.go:764.3,766.17 3 0
railyard/app.go:766.17,768.12 2 0
railyard/app.go:770.3,770.67 1 0
railyard/app.go:770.67,772.4 1 0
railyard/app.go:776.43,780.25 4 0
railyard/app.go:780.25,782.3 1 0
railyard/app.go:783.2,804.16 4 0
railyard/app.go:804.16,806.3 1 0
railyard/app.go:807.2,809.16 3 0
railyard/app.go:809.16,811.3 1 0
railyard/app.go:812.2,813.61 2 0
railyard/app.go:813.61,815.3 1 0
railyard/app.go:817.2,817.98 1 0
railyard/app.go:817.98,819.3 1 0
railyard/app.go:821.2,821.100 1 0
railyard/app.go:821.100,823.3 1 0
railyard/app.go:824.2,824.12 1 0
railyard/app.go:827.42,828.135 1 0
railyard/app.go:828.135,830.53 2 0
railyard/app.go:830.53,833.129 2 0
railyard/app.go:833.129,836.5 2 0
railyard/app.go:839.3,839.51 1 0
railyard/app.go:839.51,841.131 2 0
railyard/app.go:841.131,844.5 2 0
railyard/app.go:848.3,848.118 1 0
railyard/app.go:848.118,851.4 2 0
railyard/app.go:853.2,853.12 1 0
railyard/app.go:856.48,858.2 1 0
railyard/app_deeplink.go:18.57,22.2 3 1
railyard/app_deeplink.go:24.51,31.2 5 0
railyard/app_deeplink.go:33.59,37.25 3 1
railyard/app_deeplink.go:37.25,39.3 1 1
railyard/app_deeplink.go:41.2,43.21 3 1
railyard/app_deeplink.go:46.40,48.2 1 0
railyard/app_deeplink.go:53.71,54.53 1 1
railyard/app_deeplink.go:54.53,56.3 1 1
railyard/app_deeplink.go:59.48,61.9 2 0
railyard/app_deeplink.go:61.9,63.3 1 0
railyard/app_deeplink.go:64.2,64.32 1 0
railyard/app_deeplink.go:67.60,68.21 1 1
railyard/app_deeplink.go:68.21,70.3 1 1
railyard/app_deeplink.go:72.2,73.46 2 1
railyard/app_deeplink.go:73.46,75.3 1 0
railyard/app_deeplink.go:78.38,79.18 1 1
railyard/app_deeplink.go:79.18,81.3 1 1
railyard/app_deeplink.go:83.2,84.22 2 0
railyard/app_deeplink.go:84.22,86.3 1 0
railyard/app_deeplink.go:88.2,90.32 2 0
railyard/app_deeplink.go:90.32,91.33 1 0
railyard/app_deeplink.go:91.33,93.12 2 0
railyard/app_deeplink.go:95.3,98.5 1 0
railyard/app_deeplink.go:102.63,103.21 1 1
railyard/app_deeplink.go:103.21,105.3 1 1
railyard/app_deeplink.go:106.2,107.9 2 1
railyard/app_deeplink.go:107.9,108.22 1 1
railyard/app_deeplink.go:108.22,110.4 1 1
railyard/app_deeplink.go:111.3,114.4 1 1
railyard/app_deeplink.go:116.2,118.21 2 1
railyard/app_deeplink.go:118.21,120.3 1 1
railyard/app_deeplink.go:121.2,127.3 1 1
railyard/app_deeplink.go:130.30,131.18 1 1
railyard/app_deeplink.go:131.18,133.3 1 1
railyard/app_deeplink.go:135.2,138.49 4 0
railyard/app_dialog.go:8.75,10.2 1 1
railyard/app_dialog.go:12.96,14.2 1 0
railyard/main.go:20.13,24.62 2 0
railyard/main.go:24.62,26.3 1 0
railyard/main.go:29.2,55.16 2 0
railyard/main.go:55.16,57.3 1 0
railyard/internal/utils/collections.go:4.61,5.18 1 1
railyard/internal/utils/collections.go:5.18,7.3 1 1
railyard/internal/utils/collections.go:8.2,8.14 1 1
railyard/internal/utils/collections.go:12.41,13.18 1 1
railyard/internal/utils/collections.go:13.18,15.3 1 1
railyard/internal/utils/collections.go:16.2,16.14 1 1
railyard/internal/utils/collections.go:20.99,21.18 1 1
railyard/internal/utils/collections.go:21.18,23.3 1 1
railyard/internal/utils/collections.go:24.2,24.14 1 1
railyard/internal/utils/collections.go:29.59,31.26 2 1
railyard/internal/utils/collections.go:31.26,33.3 1 1
railyard/internal/utils/collections.go:34.2,34.15 1 1
railyard/internal/utils/collections.go:39.97,41.30 2 1
railyard/internal/utils/collections.go:41.30,43.3 1 1
railyard/internal/utils/collections.go:44.2,44.15 1 1
railyard/internal/utils/collections.go:48.64,50.2 1 1
railyard/internal/utils/collections.go:53.77,54.29 1 1
railyard/internal/utils/collections.go:54.29,56.3 1 1
railyard/internal/utils/collections.go:57.2,57.31 1 1
railyard/internal/utils/collections.go:57.31,59.33 2 1
railyard/internal/utils/collections.go:59.33,61.4 1 1
railyard/internal/utils/collections.go:63.2,63.13 1 1
railyard/internal/utils/pmtiles.go:19.58,21.16 2 1
railyard/internal/utils/pmtiles.go:21.16,23.3 1 0
railyard/internal/utils/pmtiles.go:24.2,33.16 3 1
railyard/internal/utils/pmtiles.go:33.16,35.3 1 0
railyard/internal/utils/pmtiles.go:37.2,40.67 3 1
railyard/internal/utils/pmtiles.go:40.67,42.3 1 1
railyard/internal/utils/pmtiles.go:44.2,48.12 2 1
railyard/internal/utils/pmtiles.go:48.12,49.76 1 1
railyard/internal/utils/pmtiles.go:49.76,51.4 1 0
railyard/internal/utils/pmtiles.go:55.2,57.23 2 1
railyard/internal/utils/resources.go:5.47,7.16 2 0
railyard/internal/utils/resources.go:7.16,9.3 1 0
railyard/internal/utils/resources.go:11.2,11.42 1 0
railyard/internal/utils/thumbnail.go:28.75,46.2 8 1
railyard/internal/utils/thumbnail.go:48.91,52.2 3 1
railyard/internal/utils/thumbnail.go:54.42,56.2 1 1
railyard/internal/utils/thumbnail.go:58.42,60.2 1 1
railyard/internal/utils/thumbnail.go:62.83,64.50 2 1
railyard/internal/utils/thumbnail.go:64.50,66.17 2 1
railyard/internal/utils/thumbnail.go:66.17,70.12 4 0
railyard/internal/utils/thumbnail.go:72.3,74.57 3 1
railyard/internal/utils/thumbnail.go:74.57,76.4 1 1
railyard/internal/utils/thumbnail.go:77.3,77.21 1 1
railyard/internal/utils/thumbnail.go:77.21,79.4 1 0
railyard/internal/utils/thumbnail.go:79.9,81.4 1 1
railyard/internal/utils/thumbnail.go:82.3,83.13 2 1
railyard/internal/utils/thumbnail.go:85.2,85.91 1 1
railyard/internal/utils/thumbnail.go:88.96,90.22 2 1
railyard/internal/utils/thumbnail.go:90.22,92.3 1 1
railyard/internal/utils/thumbnail.go:93.2,93.22 1 1
railyard/internal/utils/thumbnail.go:93.22,98.27 4 1
railyard/internal/utils/thumbnail.go:98.27,100.4 1 1
railyard/internal/utils/thumbnail.go:102.3,105.23 4 0
railyard/internal/utils/thumbnail.go:108.2,121.40 8 1
railyard/internal/utils/thumbnail.go:121.40,122.41 1 1
railyard/internal/utils/thumbnail.go:122.41,125.18 3 1
railyard/internal/utils/thumbnail.go:125.18,127.13 2 0
railyard/internal/utils/thumbnail.go:129.4,129.67 1 1
railyard/internal/utils/thumbnail.go:133.2,138.32 5 1
railyard/internal/utils/thumbnail.go:138.32,140.17 2 1
railyard/internal/utils/thumbnail.go:140.17,142.12 2 1
railyard/internal/utils/thumbnail.go:145.3,146.32 2 0
railyard/internal/utils/thumbnail.go:146.32,147.29 1 0
railyard/internal/utils/thumbnail.go:147.29,149.10 2 0
railyard/internal/utils/thumbnail.go:153.3,153.24 1 0
railyard/internal/utils/thumbnail.go:153.24,154.12 1 0
railyard/internal/utils/thumbnail.go:157.3,157.47 1 0
railyard/internal/utils/thumbnail.go:157.47,159.4 1 0
railyard/internal/utils/thumbnail.go:162.2,163.32 2 1
railyard/internal/utils/thumbnail.go:166.97,167.30 1 1
railyard/internal/utils/thumbnail.go:168.17,171.42 3 1
railyard/internal/utils/thumbnail.go:172.22,173.63 1 1
railyard/internal/utils/thumbnail.go:173.63,175.4 1 1
railyard/internal/utils/thumbnail.go:176.19,177.26 1 1
railyard/internal/utils/thumbnail.go:177.26,178.61 1 1
railyard/internal/utils/thumbnail.go:178.61,180.5 1 1
railyard/internal/utils/thumbnail.go:182.22,183.24 1 1
railyard/internal/utils/thumbnail.go:183.24,187.4 3 1
railyard/internal/utils/thumbnail.go:188.27,189.24 1 1
railyard/internal/utils/thumbnail.go:189.24,190.65 1 1
railyard/internal/utils/thumbnail.go:190.65,192.5 1 1
railyard/internal/utils/thumbnail.go:194.24,195.29 1 1
railyard/internal/utils/thumbnail.go:195.29,196.33 1 1
railyard/internal/utils/thumbnail.go:196.33,197.62 1 1
railyard/internal/utils/thumbnail.go:197.62,199.6 1 1
railyard/internal/utils/thumbnail.go:205.88,206.18 1 1
railyard/internal/utils/thumbnail.go:206.18,208.3 1 1
railyard/internal/utils/thumbnail.go:209.2,212.28 4 1
railyard/internal/utils/thumbnail.go:212.28,215.3 2 1
railyard/internal/utils/thumbnail.go:216.2,216.19 1 1
railyard/internal/utils/thumbnail.go:219.78,220.20 1 1
railyard/internal/utils/thumbnail.go:220.20,222.3 1 1
railyard/internal/utils/thumbnail.go:223.2,226.30 4 1
railyard/internal/utils/thumbnail.go:226.30,229.3 2 1
railyard/internal/utils/thumbnail.go:230.2,231.19 2 1
railyard/internal/config/config.go:31.41,32.14 1 1
railyard/internal/config/config.go:32.14,33.52 1 0
railyard/internal/config/config.go:35.2,35.27 1 1
railyard/internal/config/config.go:38.50,42.2 3 0
railyard/internal/config/config.go:44.47,53.2 1 1
railyard/internal/config/config.go:55.48,57.2 1 1
railyard/internal/config/config.go:59.86,68.2 4 1
railyard/internal/config/config.go:72.69,76.16 4 1
railyard/internal/config/config.go:76.16,78.3 1 0
railyard/internal/config/config.go:80.2,82.32 2 1
railyard/internal/config/config.go:82.32,85.3 2 1
railyard/internal/config/config.go:87.2,89.26 3 1
railyard/internal/config/config.go:89.26,90.47 1 1
railyard/internal/config/config.go:90.47,92.4 1 0
railyard/internal/config/config.go:94.2,94.53 1 1
railyard/internal/config/config.go:98.58,106.2 3 1
railyard/internal/config/config.go:108.112,118.13 8 1
railyard/internal/config/config.go:118.13,120.47 2 1
railyard/internal/config/config.go:120.47,123.4 2 0
railyard/internal/config/config.go:126.2,127.53 2 1
railyard/internal/config/config.go:130.98,131.59 1 0
railyard/internal/config/config.go:131.59,133.3 1 0
railyard/internal/config/config.go:134.2,134.16 1 0
railyard/internal/config/config.go:134.16,138.3 1 0
railyard/internal/config/config.go:139.2,142.3 1 0
railyard/internal/config/config.go:145.62,146.59 1 0
railyard/internal/config/config.go:146.59,148.3 1 0
railyard/internal/config/config.go:149.2,149.16 1 0
railyard/internal/config/config.go:149.16,153.3 1 0
railyard/internal/config/config.go:154.2,157.3 1 0
railyard/internal/config/config.go:161.93,162.51 1 1
railyard/internal/config/config.go:162.51,164.3 1 1
railyard/internal/config/config.go:167.64,169.16 2 1
railyard/internal/config/config.go:169.16,171.3 1 0
railyard/internal/config/config.go:173.2,174.43 2 1
railyard/internal/config/config.go:174.43,176.33 2 1
railyard/internal/config/config.go:176.33,177.49 1 1
railyard/internal/config/config.go:177.49,179.10 2 1
railyard/internal/config/config.go:182.3,182.13 1 1
railyard/internal/config/config.go:182.13,184.4 1 0
railyard/internal/config/config.go:186.2,186.12 1 1
railyard/internal/config/config.go:190.107,191.73 1 1
railyard/internal/config/config.go:191.73,193.3 1 0
railyard/internal/config/config.go:194.2,194.51 1 1
railyard/internal/config/config.go:194.51,196.3 1 1
railyard/internal/config/config.go:200.75,201.60 1 1
railyard/internal/config/config.go:201.60,210.3 1 1
railyard/internal/config/config.go:211.2,211.16 1 1
railyard/internal/config/config.go:211.16,213.3 1 0
railyard/internal/config/config.go:215.2,215.28 1 1
railyard/internal/config/config.go:219.60,221.16 2 1
railyard/internal/config/config.go:221.16,223.3 1 0
railyard/internal/config/config.go:224.2,227.3 1 1
railyard/internal/config/config.go:231.59,232.55 1 1
railyard/internal/config/config.go:232.56,232.57 0 1
railyard/internal/config/config.go:233.2,233.16 1 1
railyard/internal/config/config.go:233.16,235.3 1 0
railyard/internal/config/config.go:236.2,239.3 1 1
railyard/internal/config/config.go:242.84,243.59 1 1
railyard/internal/config/config.go:243.59,245.3 1 1
railyard/internal/config/config.go:246.2,246.16 1 1
railyard/internal/config/config.go:246.16,248.3 1 0
railyard/internal/config/config.go:249.2,252.3 1 1
railyard/internal/config/config.go:255.65,256.59 1 1
railyard/internal/config/config.go:256.59,258.3 1 1
railyard/internal/config/config.go:259.2,259.16 1 1
railyard/internal/config/config.go:259.16,261.3 1 0
railyard/internal/config/config.go:262.2,265.3 1 1
railyard/internal/config/config.go:268.42,272.2 3 1
railyard/internal/config/config.go:274.70,278.29 4 1
railyard/internal/config/config.go:278.29,284.3 2 1
railyard/internal/config/config.go:286.2,289.41 1 1
railyard/internal/config/config.go:289.41,291.4 1 1
railyard/internal/config/config.go:294.2,294.16 1 1
railyard/internal/config/config.go:294.16,300.3 2 0
railyard/internal/config/config.go:301.2,306.102 3 1
railyard/internal/config/config.go:306.102,311.3 1 1
railyard/internal/config/config.go:313.2,316.3 1 0
railyard/internal/config/config.go:323.113,326.44 1 1
railyard/internal/config/config.go:326.44,331.45 1 1
railyard/internal/config/config.go:331.45,331.81 1 1
railyard/internal/config/config.go:334.45,340.4 1 0
railyard/internal/config/config.go:343.2,343.16 1 1
railyard/internal/config/config.go:343.16,345.3 1 0
railyard/internal/config/config.go:346.2,349.3 1 1
railyard/internal/config/config.go:354.103,357.44 1 1
railyard/internal/config/config.go:357.44,362.45 1 1
railyard/internal/config/config.go:362.45,362.77 1 1
railyard/internal/config/config.go:365.45,377.32 2 0
railyard/internal/config/config.go:377.32,390.5 2 0
railyard/internal/config/config.go:392.4,392.54 1 0
railyard/internal/config/config.go:396.2,396.16 1 1
railyard/internal/config/config.go:396.16,398.3 1 0
railyard/internal/config/config.go:399.2,402.3 1 1
railyard/internal/config/config.go:410.38,412.29 2 1
railyard/internal/config/config.go:412.29,415.9 3 1
railyard/internal/config/config.go:415.9,418.4 2 1
railyard/internal/config/config.go:419.3,419.57 1 0
railyard/internal/config/config.go:422.2,423.16 2 0
railyard/internal/config/config.go:423.16,426.3 2 0
railyard/internal/config/config.go:429.2,429.43 1 0
railyard/internal/config/config.go:429.43,436.3 3 0
railyard/internal/config/config.go:438.2,439.22 2 0
railyard/internal/config/config.go:439.22,442.3 2 0
railyard/internal/config/config.go:444.2,448.8 2 0
railyard/internal/config/config.go:458.37,460.14 2 1
railyard/internal/config/config.go:460.14,463.3 2 0
railyard/internal/config/config.go:465.2,466.16 2 1
railyard/internal/config/config.go:466.16,469.3 2 0
railyard/internal/config/config.go:470.2,470.39 1 1
railyard/internal/config/config.go:470.39,473.3 2 0
railyard/internal/config/config.go:475.2,480.9 2 1
railyard/internal/config/config.go:484.97,485.39 1 1
railyard/internal/config/config.go:485.39,486.52 1 1
railyard/internal/config/config.go:486.52,487.12 1 1
railyard/internal/config/config.go:490.3,491.17 2 1
railyard/internal/config/config.go:491.17,492.12 1 0
railyard/internal/config/config.go:495.3,495.34 1 1
railyard/internal/config/config.go:495.34,497.4 1 1
railyard/internal/config/config.go:500.2,500.18 1 1
railyard/internal/config/config.go:504.55,508.2 1 1
railyard/internal/config/config.go:511.45,512.22 1 1
railyard/internal/config/config.go:513.16,518.4 2 0
railyard/internal/config/config.go:519.17,528.4 4 1
railyard/internal/config/config.go:529.15,535.4 2 0
railyard/internal/config/config.go:536.10,537.13 1 0
railyard/internal/config/config.go:541.48,542.22 1 0
railyard/internal/config/config.go:543.16,545.25 1 0
railyard/internal/config/config.go:546.17,548.87 1 0
railyard/internal/config/config.go:548.87,550.4 1 0
railyard/internal/config/config.go:551.3,551.98 1 0
railyard/internal/config/config.go:551.98,553.4 1 0
railyard/internal/config/config.go:554.3,554.32 1 0
railyard/internal/config/config.go:555.15,557.75 1 0
railyard/internal/config/config.go:557.75,559.4 1 0
railyard/internal/config/config.go:560.3,560.20 1 0
railyard/internal/config/config.go:561.10,562.32 1 0
railyard/internal/downloader/downloader.go:98.58,99.16 1 1
railyard/internal/downloader/downloader.go:100.56,101.14 1 1
railyard/internal/downloader/downloader.go:102.10,103.15 1 1
railyard/internal/downloader/downloader.go:108.73,109.40 1 1
railyard/internal/downloader/downloader.go:109.40,110.76 1 1
railyard/internal/downloader/downloader.go:115.93,125.2 3 0
railyard/internal/downloader/downloader.go:128.35,132.27 3 1
railyard/internal/downloader/downloader.go:132.27,134.3 1 1
railyard/internal/downloader/downloader.go:135.2,138.17 4 1
railyard/internal/downloader/downloader.go:142.33,143.6 1 1
railyard/internal/downloader/downloader.go:143.6,146.25 2 1
railyard/internal/downloader/downloader.go:146.25,148.4 1 1
railyard/internal/downloader/downloader.go:149.3,151.65 3 1
railyard/internal/downloader/downloader.go:151.65,153.4 1 1
railyard/internal/downloader/downloader.go:154.3,162.65 5 1
railyard/internal/downloader/downloader.go:162.65,164.4 1 1
railyard/internal/downloader/downloader.go:165.3,169.32 4 1
railyard/internal/downloader/downloader.go:169.32,171.4 1 0
railyard/internal/downloader/downloader.go:176.109,177.33 1 1
railyard/internal/downloader/downloader.go:177.33,178.23 1 1
railyard/internal/downloader/downloader.go:178.23,181.4 2 1
railyard/internal/downloader/downloader.go:183.2,183.14 1 0
railyard/internal/downloader/downloader.go:187.76,188.33 1 1
railyard/internal/downloader/downloader.go:188.33,189.23 1 1
railyard/internal/downloader/downloader.go:189.23,190.12 1 0
railyard/internal/downloader/downloader.go:192.3,193.14 2 1
railyard/internal/downloader/downloader.go:195.2,195.14 1 0
railyard/internal/downloader/downloader.go:199.124,204.53 4 1
railyard/internal/downloader/downloader.go:204.53,206.3 1 1
railyard/internal/downloader/downloader.go:207.2,207.39 1 1
railyard/internal/downloader/downloader.go:207.39,209.3 1 0
railyard/internal/downloader/downloader.go:211.2,212.27 2 1
railyard/internal/downloader/downloader.go:212.27,214.3 1 0
railyard/internal/downloader/downloader.go:215.2,219.13 4 1
railyard/internal/downloader/downloader.go:223.118,229.78 4 1
railyard/internal/downloader/downloader.go:229.78,231.3 1 0
railyard/internal/downloader/downloader.go:232.2,234.13 3 1
railyard/internal/downloader/downloader.go:239.207,253.40 4 1
railyard/internal/downloader/downloader.go:253.40,255.114 1 1
railyard/internal/downloader/downloader.go:255.114,258.4 2 1
railyard/internal/downloader/downloader.go:262.2,262.52 1 1
railyard/internal/downloader/downloader.go:262.52,264.16 2 1
railyard/internal/downloader/downloader.go:264.16,267.4 1 0
railyard/internal/downloader/downloader.go:269.3,269.36 1 1
railyard/internal/downloader/downloader.go:269.36,271.4 1 0
railyard/internal/downloader/downloader.go:272.3,277.24 6 1
railyard/internal/downloader/downloader.go:280.2,285.23 5 1
railyard/internal/downloader/downloader.go:289.125,290.37 1 1
railyard/internal/downloader/downloader.go:290.37,292.72 1 1
railyard/internal/downloader/downloader.go:295.2,300.9 1 1
railyard/internal/downloader/downloader.go:304.42,306.2 1 1
railyard/internal/downloader/downloader.go:308.105,310.21 2 1
railyard/internal/downloader/downloader.go:310.21,312.3 1 1
railyard/internal/downloader/downloader.go:313.2,313.17 1 1
railyard/internal/downloader/downloader.go:316.90,318.2 1 1
railyard/internal/downloader/downloader.go:320.87,322.2 1 1
railyard/internal/downloader/downloader.go:324.50,325.16 1 1
railyard/internal/downloader/downloader.go:325.16,327.3 1 1
railyard/internal/downloader/downloader.go:328.2,328.37 1 1
railyard/internal/downloader/downloader.go:331.96,333.2 1 1
railyard/internal/downloader/downloader.go:335.109,337.2 1 0
railyard/internal/downloader/downloader.go:339.106,340.39 1 1
railyard/internal/downloader/downloader.go:340.39,342.3 1 0
railyard/internal/downloader/downloader.go:343.2,343.116 1 1
railyard/internal/downloader/downloader.go:346.109,351.2 1 1
railyard/internal/downloader/downloader.go:361.30,371.2 1 1
railyard/internal/downloader/downloader.go:373.178,375.2 1 1
railyard/internal/downloader/downloader.go:377.215,379.2 1 1
railyard/internal/downloader/downloader.go:381.224,383.2 1 1
railyard/internal/downloader/downloader.go:385.177,392.2 1 1
railyard/internal/downloader/downloader.go:394.127,404.2 1 1
railyard/internal/downloader/downloader.go:406.141,408.2 1 1
railyard/internal/downloader/downloader.go:410.175,412.2 1 1
railyard/internal/downloader/downloader.go:414.187,416.2 1 0
railyard/internal/downloader/downloader.go:419.46,421.2 1 1
railyard/internal/downloader/downloader.go:424.46,426.2 1 1
railyard/internal/downloader/downloader.go:429.51,431.2 1 1
railyard/internal/downloader/downloader.go:443.106,444.19 1 1
railyard/internal/downloader/downloader.go:445.26,446.53 1 1
railyard/internal/downloader/downloader.go:446.53,447.25 1 1
railyard/internal/downloader/downloader.go:447.25,449.5 1 1
railyard/internal/downloader/downloader.go:451.26,452.62 1 1
railyard/internal/downloader/downloader.go:452.62,453.34 1 1
railyard/internal/downloader/downloader.go:453.34,455.5 1 1
railyard/internal/downloader/downloader.go:458.2,458.32 1 1
railyard/internal/downloader/downloader.go:461.147,465.38 3 1
railyard/internal/downloader/downloader.go:465.38,469.3 1 1
railyard/internal/downloader/downloader.go:470.2,473.3 1 1
railyard/internal/downloader/downloader.go:477.136,478.20 1 1
railyard/internal/downloader/downloader.go:478.20,480.3 1 0
railyard/internal/downloader/downloader.go:482.2,482.61 1 1
railyard/internal/downloader/downloader.go:482.61,484.60 1 1
railyard/internal/downloader/downloader.go:484.60,485.12 1 0
railyard/internal/downloader/downloader.go:488.3,488.46 1 1
railyard/internal/downloader/downloader.go:488.46,489.12 1 0
railyard/internal/downloader/downloader.go:492.3,500.10 1 1
railyard/internal/downloader/downloader.go:505.2,505.53 1 1
railyard/internal/downloader/downloader.go:505.53,506.30 1 0
railyard/internal/downloader/downloader.go:506.30,507.12 1 0
railyard/internal/downloader/downloader.go:510.3,518.10 1 0
railyard/internal/downloader/downloader.go:521.2,521.19 1 1
railyard/internal/downloader/downloader.go:532.62,534.18 2 1
railyard/internal/downloader/downloader.go:534.18,536.3 1 1
railyard/internal/downloader/downloader.go:538.2,545.24 3 1
railyard/internal/downloader/downloader.go:545.24,555.3 1 1
railyard/internal/downloader/downloader.go:557.2,557.61 1 1
railyard/internal/downloader/downloader.go:557.61,568.3 1 0
railyard/internal/downloader/downloader.go:571.2,571.54 1 1
railyard/internal/downloader/downloader.go:575.109,581.135 4 1
railyard/internal/downloader/downloader.go:581.135,590.3 1 1
railyard/internal/downloader/downloader.go:591.2,591.95 1 1
railyard/internal/downloader/downloader.go:591.95,592.20 1 1
railyard/internal/downloader/downloader.go:593.27,594.78 1 1
railyard/internal/downloader/downloader.go:595.27,596.78 1 0
railyard/internal/downloader/downloader.go:598.3,598.68 1 0
railyard/internal/downloader/downloader.go:600.2,600.38 1 1
railyard/internal/downloader/downloader.go:604.108,609.64 3 1
railyard/internal/downloader/downloader.go:609.64,618.3 1 1
railyard/internal/downloader/downloader.go:621.2,621.58 1 1
railyard/internal/downloader/downloader.go:621.58,630.3 1 1
railyard/internal/downloader/downloader.go:633.2,640.3 1 0
railyard/internal/downloader/downloader.go:643.128,647.37 2 1
railyard/internal/downloader/downloader.go:647.37,648.69 1 0
railyard/internal/downloader/downloader.go:651.2,651.48 1 1
railyard/internal/downloader/downloader.go:651.48,653.3 1 0
railyard/internal/downloader/downloader.go:655.2,657.93 3 1
railyard/internal/downloader/downloader.go:657.93,660.3 1 1
railyard/internal/downloader/downloader.go:661.2,661.36 1 1
railyard/internal/downloader/downloader.go:664.102,666.22 2 1
railyard/internal/downloader/downloader.go:666.22,668.3 1 1
railyard/internal/downloader/downloader.go:670.2,672.19 3 1
railyard/internal/downloader/downloader.go:672.19,674.3 1 1
railyard/internal/downloader/downloader.go:677.2,688.42 3 1
railyard/internal/downloader/downloader.go:688.42,690.3 1 0
railyard/internal/downloader/downloader.go:691.2,691.13 1 1
railyard/internal/downloader/downloader.go:691.13,693.3 1 1
railyard/internal/downloader/downloader.go:696.2,697.47 2 1
railyard/internal/downloader/downloader.go:697.47,699.3 1 0
railyard/internal/downloader/downloader.go:702.2,702.74 1 1
railyard/internal/downloader/downloader.go:702.74,704.3 1 0
railyard/internal/downloader/downloader.go:705.2,706.58 2 1
railyard/internal/downloader/downloader.go:706.58,708.3 1 0
railyard/internal/downloader/downloader.go:710.2,711.46 2 1
railyard/internal/downloader/downloader.go:711.46,713.3 1 0
railyard/internal/downloader/downloader.go:714.2,715.17 2 1
railyard/internal/downloader/downloader.go:718.81,719.66 1 0
railyard/internal/downloader/downloader.go:719.66,728.3 1 0
railyard/internal/downloader/downloader.go:729.2,730.116 2 0
railyard/internal/downloader/downloader.go:730.116,739.3 1 0
railyard/internal/downloader/downloader.go:740.2,740.81 1 0
railyard/internal/downloader/downloader.go:740.81,742.3 1 0
railyard/internal/downloader/downloader.go:743.2,744.58 2 0
railyard/internal/downloader/downloader.go:744.58,746.3 1 0
railyard/internal/downloader/downloader.go:747.2,747.103 1 0
railyard/internal/downloader/downloader.go:750.81,752.9 2 1
railyard/internal/downloader/downloader.go:752.9,761.3 1 0
railyard/internal/downloader/downloader.go:762.2,764.143 2 1
railyard/internal/downloader/downloader.go:764.143,773.3 1 0
railyard/internal/downloader/downloader.go:775.2,776.85 2 1
railyard/internal/downloader/downloader.go:776.85,778.3 1 0
railyard/internal/downloader/downloader.go:779.2,780.79 2 1
railyard/internal/downloader/downloader.go:780.79,782.3 1 0
railyard/internal/downloader/downloader.go:783.2,785.58 3 1
railyard/internal/downloader/downloader.go:785.58,787.3 1 0
railyard/internal/downloader/downloader.go:788.2,788.103 1 1
railyard/internal/downloader/downloader.go:792.93,799.93 6 1
railyard/internal/downloader/downloader.go:799.93,802.24 3 1
railyard/internal/downloader/downloader.go:803.27,804.117 1 1
railyard/internal/downloader/downloader.go:805.27,806.107 1 1
railyard/internal/downloader/downloader.go:808.3,808.74 1 0
railyard/internal/downloader/downloader.go:810.2,810.36 1 1
railyard/internal/downloader/downloader.go:814.151,816.111 2 1
railyard/internal/downloader/downloader.go:816.111,828.3 1 1
railyard/internal/downloader/downloader.go:829.2,830.48 2 1
railyard/internal/downloader/downloader.go:830.48,832.3 1 1
railyard/internal/downloader/downloader.go:833.2,834.16 2 1
railyard/internal/downloader/downloader.go:834.16,836.3 1 1
railyard/internal/downloader/downloader.go:838.2,839.37 2 1
railyard/internal/downloader/downloader.go:839.37,841.3 1 0
railyard/internal/downloader/downloader.go:842.2,844.16 3 1
railyard/internal/downloader/downloader.go:844.16,846.3 1 0
railyard/internal/downloader/downloader.go:848.2,849.29 2 1
railyard/internal/downloader/downloader.go:849.29,851.3 1 1
railyard/internal/downloader/downloader.go:852.2,855.29 3 1
railyard/internal/downloader/downloader.go:855.29,856.27 1 1
railyard/internal/downloader/downloader.go:856.27,858.9 2 1
railyard/internal/downloader/downloader.go:861.2,861.24 1 1
railyard/internal/downloader/downloader.go:861.24,863.3 1 1
railyard/internal/downloader/downloader.go:864.2,864.107 1 1
railyard/internal/downloader/downloader.go:864.107,866.3 1 0
railyard/internal/downloader/downloader.go:868.2,871.47 3 1
railyard/internal/downloader/downloader.go:871.47,873.3 1 0
railyard/internal/downloader/downloader.go:874.2,874.50 1 1
railyard/internal/downloader/downloader.go:874.50,877.3 2 0
railyard/internal/downloader/downloader.go:879.2,879.78 1 1
railyard/internal/downloader/downloader.go:879.78,882.3 2 0
railyard/internal/downloader/downloader.go:884.2,887.49 3 1
railyard/internal/downloader/downloader.go:887.49,890.3 2 0
railyard/internal/downloader/downloader.go:891.2,893.58 3 1
railyard/internal/downloader/downloader.go:893.58,895.3 1 0
railyard/internal/downloader/downloader.go:896.2,897.148 2 1
railyard/internal/downloader/downloader.go:900.177,901.29 1 1
railyard/internal/downloader/downloader.go:901.29,903.54 2 0
railyard/internal/downloader/downloader.go:903.54,904.78 1 0
railyard/internal/downloader/downloader.go:904.78,906.19 2 0
railyard/internal/downloader/downloader.go:906.19,909.6 2 0
railyard/internal/downloader/downloader.go:910.5,910.94 1 0
railyard/internal/downloader/downloader.go:910.94,913.6 2 0
railyard/internal/downloader/downloader.go:917.2,917.22 1 1
railyard/internal/downloader/downloader.go:917.22,919.3 1 0
railyard/internal/downloader/downloader.go:920.2,920.67 1 1
railyard/internal/downloader/downloader.go:923.155,925.40 2 1
railyard/internal/downloader/downloader.go:925.40,928.3 2 0
railyard/internal/downloader/downloader.go:930.2,931.43 2 1
railyard/internal/downloader/downloader.go:931.43,933.21 2 1
railyard/internal/downloader/downloader.go:933.21,935.12 2 1
railyard/internal/downloader/downloader.go:937.3,937.33 1 0
railyard/internal/downloader/downloader.go:937.33,941.4 2 0
railyard/internal/downloader/downloader.go:943.3,944.51 2 0
railyard/internal/downloader/downloader.go:944.51,947.4 2 0
railyard/internal/downloader/downloader.go:949.2,949.12 1 1
railyard/internal/downloader/downloader.go:953.138,955.111 2 1
railyard/internal/downloader/downloader.go:955.111,967.3 1 1
railyard/internal/downloader/downloader.go:968.2,968.48 1 1
railyard/internal/downloader/downloader.go:968.48,970.3 1 0
railyard/internal/downloader/downloader.go:971.2,972.16 2 1
railyard/internal/downloader/downloader.go:972.16,974.3 1 0
railyard/internal/downloader/downloader.go:976.2,977.37 2 1
railyard/internal/downloader/downloader.go:977.37,979.3 1 0
railyard/internal/downloader/downloader.go:980.2,982.16 3 1
railyard/internal/downloader/downloader.go:982.16,984.3 1 1
railyard/internal/downloader/downloader.go:986.2,987.29 2 1
railyard/internal/downloader/downloader.go:987.29,989.3 1 1
railyard/internal/downloader/downloader.go:990.2,993.29 3 1
railyard/internal/downloader/downloader.go:993.29,994.27 1 1
railyard/internal/downloader/downloader.go:994.27,996.9 2 1
railyard/internal/downloader/downloader.go:999.2,999.24 1 1
railyard/internal/downloader/downloader.go:999.24,1001.3 1 0
railyard/internal/downloader/downloader.go:1003.2,1006.47 3 1
railyard/internal/downloader/downloader.go:1006.47,1008.3 1 0
railyard/internal/downloader/downloader.go:1009.2,1009.50 1 1
railyard/internal/downloader/downloader.go:1009.50,1012.3 2 0
railyard/internal/downloader/downloader.go:1014.2,1014.78 1 1
railyard/internal/downloader/downloader.go:1014.78,1017.3 2 0
railyard/internal/downloader/downloader.go:1019.2,1020.22 2 1
railyard/internal/downloader/downloader.go:1020.22,1023.3 2 0
railyard/internal/downloader/downloader.go:1025.2,1036.42 3 1
railyard/internal/downloader/downloader.go:1036.42,1038.3 1 1
railyard/internal/downloader/downloader.go:1039.2,1039.13 1 1
railyard/internal/downloader/downloader.go:1039.13,1042.3 2 1
railyard/internal/downloader/downloader.go:1044.2,1048.47 3 1
railyard/internal/downloader/downloader.go:1048.47,1051.3 2 0
railyard/internal/downloader/downloader.go:1052.2,1054.74 2 1
railyard/internal/downloader/downloader.go:1054.74,1056.3 1 1
railyard/internal/downloader/downloader.go:1057.2,1058.58 2 1
railyard/internal/downloader/downloader.go:1058.58,1060.3 1 0
railyard/internal/downloader/downloader.go:1061.2,1062.20 2 1
railyard/internal/downloader/downloader.go:1066.113,1067.61 1 1
railyard/internal/downloader/downloader.go:1067.61,1069.3 1 0
railyard/internal/downloader/downloader.go:1071.2,1072.16 2 1
railyard/internal/downloader/downloader.go:1072.16,1074.3 1 0
railyard/internal/downloader/downloader.go:1075.2,1078.15 3 1
railyard/internal/downloader/downloader.go:1078.15,1080.16 2 1
railyard/internal/downloader/downloader.go:1080.16,1082.4 1 1
railyard/internal/downloader/downloader.go:1084.2,1087.16 2 1
railyard/internal/downloader/downloader.go:1087.16,1088.79 1 1
railyard/internal/downloader/downloader.go:1088.79,1090.4 1 1
railyard/internal/downloader/downloader.go:1091.3,1091.74 1 0
railyard/internal/downloader/downloader.go:1093.2,1095.37 2 1
railyard/internal/downloader/downloader.go:1095.37,1097.3 1 0
railyard/internal/downloader/downloader.go:1099.2,1100.25 2 1
railyard/internal/downloader/downloader.go:1100.25,1107.3 1 1
railyard/internal/downloader/downloader.go:1109.2,1110.16 2 1
railyard/internal/downloader/downloader.go:1110.16,1111.79 1 1
railyard/internal/downloader/downloader.go:1111.79,1113.4 1 1
railyard/internal/downloader/downloader.go:1114.3,1114.70 1 0
railyard/internal/downloader/downloader.go:1117.2,1118.102 2 1
railyard/internal/downloader/downloader.go:1122.116,1128.41 1 1
railyard/internal/downloader/downloader.go:1128.41,1132.35 3 1
railyard/internal/downloader/downloader.go:1132.35,1134.5 1 0
railyard/internal/downloader/downloader.go:1143.79,1144.24 1 1
railyard/internal/downloader/downloader.go:1144.24,1146.3 1 1
railyard/internal/downloader/downloader.go:1148.2,1149.16 2 0
railyard/internal/downloader/downloader.go:1149.16,1151.3 1 0
railyard/internal/downloader/downloader.go:1152.2,1155.41 3 0
railyard/internal/downloader/downloader.go:1155.41,1157.3 1 0
railyard/internal/downloader/downloader.go:1159.2,1160.46 2 0
railyard/internal/downloader/downloader.go:1160.46,1162.3 1 0
railyard/internal/downloader/downloader.go:1163.2,1163.12 1 0
railyard/internal/downloader/downloader.go:1167.52,1169.37 2 1
railyard/internal/downloader/downloader.go:1169.37,1172.3 2 0
railyard/internal/downloader/downloader.go:1173.2,1174.16 2 1
railyard/internal/downloader/downloader.go:1174.16,1177.3 2 1
railyard/internal/downloader/downloader.go:1178.2,1183.16 5 0
railyard/internal/downloader/downloader.go:1183.16,1186.3 2 0
railyard/internal/downloader/downloader.go:1187.2,1188.38 2 0
railyard/internal/downloader/downloader.go:1188.38,1190.3 1 0
[...]
railyard/internal/profiles/profiles_sync.go:167.56,167.74 1 1
railyard/internal/profiles/profiles_sync.go:168.56,168.83 1 1
railyard/internal/profiles/profiles_sync.go:169.56,169.87 1 1
railyard/internal/profiles/profiles_sync.go:172.76,181.4 1 1
railyard/internal/profiles/profiles_sync.go:182.64,184.4 1 1
railyard/internal/profiles/profiles_sync.go:189.189,193.28 4 1
railyard/internal/profiles/profiles_sync.go:193.28,196.3 1 1
railyard/internal/profiles/profiles_sync.go:197.2,207.51 5 1
railyard/internal/profiles/profiles_sync.go:207.51,208.19 1 1
railyard/internal/profiles/profiles_sync.go:208.19,211.4 2 1
railyard/internal/profiles/profiles_sync.go:212.3,214.77 2 1
railyard/internal/profiles/profiles_sync.go:214.77,216.12 2 1
railyard/internal/profiles/profiles_sync.go:220.3,220.67 1 1
railyard/internal/profiles/profiles_sync.go:220.67,223.37 3 1
railyard/internal/profiles/profiles_sync.go:223.37,225.5 1 1
railyard/internal/profiles/profiles_sync.go:226.4,233.12 3 1
railyard/internal/profiles/profiles_sync.go:237.3,239.44 3 1
railyard/internal/profiles/profiles_sync.go:239.44,243.12 2 0
railyard/internal/profiles/profiles_sync.go:246.3,246.118 1 1
railyard/internal/profiles/profiles_sync.go:246.118,248.57 2 1
railyard/internal/profiles/profiles_sync.go:248.57,256.13 3 1
railyard/internal/profiles/profiles_sync.go:258.4,259.12 2 1
railyard/internal/profiles/profiles_sync.go:261.3,268.5 3 1
railyard/internal/profiles/profiles_sync.go:272.2,272.56 1 1
railyard/internal/profiles/profiles_sync.go:272.56,273.19 1 1
railyard/internal/profiles/profiles_sync.go:273.19,276.4 2 0
railyard/internal/profiles/profiles_sync.go:277.3,277.47 1 1
railyard/internal/profiles/profiles_sync.go:277.47,278.12 1 1
railyard/internal/profiles/profiles_sync.go:280.3,283.122 3 1
railyard/internal/profiles/profiles_sync.go:283.122,285.12 2 0
railyard/internal/profiles/profiles_sync.go:287.3,292.5 1 1
railyard/internal/profiles/profiles_sync.go:295.2,295.47 1 1
railyard/internal/profiles/profiles_sync.go:298.145,299.20 1 1
railyard/internal/profiles/profiles_sync.go:299.20,301.3 1 1
railyard/internal/profiles/profiles_sync.go:303.2,307.9 4 1
railyard/internal/profiles/profiles_sync.go:307.9,311.3 2 0
railyard/internal/profiles/profiles_sync.go:313.2,316.27 3 1
railyard/internal/profiles/profiles_sync.go:316.27,318.14 2 1
railyard/internal/profiles/profiles_sync.go:318.14,319.12 1 0
railyard/internal/profiles/profiles_sync.go:322.3,322.44 1 1
railyard/internal/profiles/profiles_sync.go:322.44,331.12 2 1
railyard/internal/profiles/profiles_sync.go:334.3,342.4 2 1
railyard/internal/profiles/profiles_sync.go:346.2,346.22 1 1
railyard/internal/profiles/profiles_sync.go:346.22,348.3 1 1
railyard/internal/profiles/profiles_sync.go:350.2,356.42 2 1
railyard/internal/profiles/profiles_sync.go:356.42,358.3 1 0
railyard/internal/profiles/profiles_sync.go:360.2,360.39 1 1
railyard/internal/profiles/profiles_sync.go:363.111,364.19 1 1
railyard/internal/profiles/profiles_sync.go:365.26,367.21 2 1
railyard/internal/profiles/profiles_sync.go:368.26,370.21 2 1
railyard/internal/profiles/profiles_sync.go:373.2,373.60 1 0
railyard/internal/profiles/profiles_sync.go:377.88,380.29 3 1
railyard/internal/profiles/profiles_sync.go:380.29,382.3 1 1
railyard/internal/profiles/profiles_sync.go:383.2,383.17 1 1
railyard/internal/profiles/profiles_sync.go:393.34,398.58 3 1
railyard/internal/profiles/profiles_sync.go:398.58,400.3 1 1
railyard/internal/profiles/profiles_sync.go:402.2,402.37 1 1
railyard/internal/profiles/profiles_sync.go:402.37,405.10 2 1
railyard/internal/profiles/profiles_sync.go:405.10,406.12 1 1
railyard/internal/profiles/profiles_sync.go:410.3,414.17 2 1
railyard/internal/profiles/profiles_sync.go:414.17,416.12 2 0
railyard/internal/profiles/profiles_sync.go:419.3,420.36 2 1
railyard/internal/profiles/profiles_sync.go:420.36,422.4 1 1
railyard/internal/profiles/profiles_sync.go:425.2,425.18 1 1
railyard/internal/profiles/profiles_sync.go:428.104,430.9 2 1
railyard/internal/profiles/profiles_sync.go:430.9,432.3 1 1
railyard/internal/profiles/profiles_sync.go:433.2,434.11 2 1
railyard/internal/profiles/profiles_update.go:17.114,20.63 2 1
railyard/internal/profiles/profiles_update.go:20.63,21.81 1 1
railyard/internal/profiles/profiles_update.go:24.2,27.42 4 1
railyard/internal/profiles/profiles_update.go:27.42,29.3 1 1
railyard/internal/profiles/profiles_update.go:31.2,31.34 1 1
railyard/internal/profiles/profiles_update.go:31.34,34.47 3 1
railyard/internal/profiles/profiles_update.go:34.47,35.63 1 1
railyard/internal/profiles/profiles_update.go:35.63,36.13 1 1
railyard/internal/profiles/profiles_update.go:38.4,39.48 2 1
railyard/internal/profiles/profiles_update.go:39.48,53.13 4 0
railyard/internal/profiles/profiles_update.go:55.4,55.47 1 1
railyard/internal/profiles/profiles_update.go:55.47,67.5 1 0
railyard/internal/profiles/profiles_update.go:69.3,69.28 1 1
railyard/internal/profiles/profiles_update.go:69.28,71.20 2 0
railyard/internal/profiles/profiles_update.go:71.20,74.5 2 0
railyard/internal/profiles/profiles_update.go:74.10,74.53 1 0
railyard/internal/profiles/profiles_update.go:74.53,77.5 2 0
railyard/internal/profiles/profiles_update.go:81.3,81.56 1 1
railyard/internal/profiles/profiles_update.go:81.56,83.4 1 1
railyard/internal/profiles/profiles_update.go:84.3,84.33 1 1
railyard/internal/profiles/profiles_update.go:84.33,86.4 1 0
railyard/internal/profiles/profiles_update.go:90.3,91.47 2 1
railyard/internal/profiles/profiles_update.go:91.47,96.4 4 1
railyard/internal/profiles/profiles_update.go:97.3,97.46 1 1
railyard/internal/profiles/profiles_update.go:97.46,99.51 2 0
railyard/internal/profiles/profiles_update.go:99.51,101.5 1 0
railyard/internal/profiles/profiles_update.go:101.10,103.5 1 0
railyard/internal/profiles/profiles_update.go:104.4,104.63 1 0
railyard/internal/profiles/profiles_update.go:108.3,108.108 1 1
railyard/internal/profiles/profiles_update.go:108.108,111.26 2 1
railyard/internal/profiles/profiles_update.go:111.26,116.5 4 0
railyard/internal/profiles/profiles_update.go:117.4,118.72 2 1
railyard/internal/profiles/profiles_update.go:122.2,122.15 1 1
railyard/internal/profiles/profiles_update.go:127.130,136.15 3 1
railyard/internal/profiles/profiles_update.go:136.15,138.3 1 1
railyard/internal/profiles/profiles_update.go:140.2,141.23 2 1
railyard/internal/profiles/profiles_update.go:141.23,143.3 1 0
railyard/internal/profiles/profiles_update.go:145.2,145.38 1 1
railyard/internal/profiles/profiles_update.go:145.38,154.3 1 1
railyard/internal/profiles/profiles_update.go:156.2,159.31 3 1
railyard/internal/profiles/profiles_update.go:159.31,162.31 3 1
railyard/internal/profiles/profiles_update.go:162.31,164.4 1 1
railyard/internal/profiles/profiles_update.go:165.3,165.30 1 1
railyard/internal/profiles/profiles_update.go:165.30,167.32 2 1
railyard/internal/profiles/profiles_update.go:167.32,169.5 1 1
railyard/internal/profiles/profiles_update.go:169.10,171.5 1 0
railyard/internal/profiles/profiles_update.go:174.3,180.16 7 1
railyard/internal/profiles/profiles_update.go:183.2,193.29 5 1
railyard/internal/profiles/profiles_update.go:193.29,194.38 1 1
railyard/internal/profiles/profiles_update.go:194.38,196.4 1 1
railyard/internal/profiles/profiles_update.go:197.3,198.45 2 1
railyard/internal/profiles/profiles_update.go:201.2,210.15 10 1
railyard/internal/profiles/profiles_update.go:222.3,224.23 2 1
railyard/internal/profiles/profiles_update.go:224.23,226.3 1 0
railyard/internal/profiles/profiles_update.go:228.2,229.64 2 1
railyard/internal/profiles/profiles_update.go:236.105,243.23 5 1
railyard/internal/profiles/profiles_update.go:243.23,246.3 2 0
railyard/internal/profiles/profiles_update.go:249.2,250.61 2 1
railyard/internal/profiles/profiles_update.go:250.61,251.28 1 1
railyard/internal/profiles/profiles_update.go:251.28,252.12 1 0
railyard/internal/profiles/profiles_update.go:254.3,254.51 1 1
railyard/internal/profiles/profiles_update.go:257.2,259.58 3 1
railyard/internal/profiles/profiles_update.go:259.58,260.58 1 1
railyard/internal/profiles/profiles_update.go:260.58,261.12 1 1
railyard/internal/profiles/profiles_update.go:264.3,267.4 1 1
railyard/internal/profiles/profiles_update.go:270.2,270.30 1 1
railyard/internal/profiles/profiles_update.go:270.30,275.3 4 1
railyard/internal/profiles/profiles_update.go:278.2,279.44 2 1
railyard/internal/profiles/profiles_update.go:279.44,281.19 2 1
railyard/internal/profiles/profiles_update.go:281.19,287.4 5 0
railyard/internal/profiles/profiles_update.go:288.3,288.54 1 1
railyard/internal/profiles/profiles_update.go:291.2,291.86 1 1
railyard/internal/profiles/profiles_update.go:291.86,304.3 6 0
railyard/internal/profiles/profiles_update.go:306.2,315.39 6 1
railyard/internal/profiles/profiles_update.go:315.39,324.3 1 1
railyard/internal/profiles/profiles_update.go:325.2,325.15 1 1
railyard/internal/profiles/profiles_update.go:336.3,347.52 5 1
railyard/internal/profiles/profiles_update.go:347.52,347.67 1 1
railyard/internal/profiles/profiles_update.go:348.64,348.83 1 1
railyard/internal/profiles/profiles_update.go:353.2,358.52 1 1
railyard/internal/profiles/profiles_update.go:358.52,358.67 1 1
railyard/internal/profiles/profiles_update.go:359.64,359.83 1 1
railyard/internal/profiles/profiles_update.go:364.2,364.42 1 1
railyard/internal/profiles/profiles_update.go:383.3,385.47 2 1
railyard/internal/profiles/profiles_update.go:385.47,387.3 1 1
railyard/internal/profiles/profiles_update.go:389.2,389.58 1 1
railyard/internal/profiles/profiles_update.go:389.58,391.56 1 1
railyard/internal/profiles/profiles_update.go:391.56,392.12 1 1
railyard/internal/profiles/profiles_update.go:395.3,396.10 2 1
railyard/internal/profiles/profiles_update.go:396.10,401.12 2 1
railyard/internal/profiles/profiles_update.go:404.3,405.24 2 1
railyard/internal/profiles/profiles_update.go:405.24,410.12 2 0
railyard/internal/profiles/profiles_update.go:413.3,413.57 1 1
railyard/internal/profiles/profiles_update.go:413.57,424.4 2 1
railyard/internal/profiles/profiles_update.go:433.91,435.33 2 1
railyard/internal/profiles/profiles_update.go:435.33,440.3 1 1
railyard/internal/profiles/profiles_update.go:441.2,441.18 1 1
railyard/internal/profiles/profiles_update.go:444.107,445.25 1 1
railyard/internal/profiles/profiles_update.go:445.25,447.3 1 1
railyard/internal/profiles/profiles_update.go:448.2,452.11 2 1
railyard/internal/profiles/profiles_update.go:458.19,460.16 2 1
railyard/internal/profiles/profiles_update.go:460.16,462.3 1 0
railyard/internal/profiles/profiles_update.go:463.2,463.24 1 1
railyard/internal/profiles/profiles_update.go:463.24,465.3 1 0
railyard/internal/profiles/profiles_update.go:468.2,468.37 1 1
railyard/internal/profiles/profiles_update.go:468.37,469.32 1 1
railyard/internal/profiles/profiles_update.go:469.32,471.4 1 0
railyard/internal/profiles/profiles_update.go:472.3,472.17 1 1
railyard/internal/profiles/profiles_update.go:475.2,477.16 3 1
railyard/internal/profiles/profiles_update.go:477.16,479.3 1 0
railyard/internal/profiles/profiles_update.go:480.2,480.39 1 1
railyard/internal/profiles/profiles_update.go:480.39,482.22 2 1
railyard/internal/profiles/profiles_update.go:482.22,484.4 1 0
railyard/internal/profiles/profiles_update.go:485.3,485.33 1 1
railyard/internal/profiles/profiles_update.go:485.33,488.4 2 0
railyard/internal/profiles/profiles_update.go:490.2,490.18 1 1
railyard/internal/profiles/profiles_update.go:495.121,497.23 2 1
railyard/internal/profiles/profiles_update.go:497.23,500.3 2 1
railyard/internal/profiles/profiles_update.go:502.2,506.85 4 1
railyard/internal/profiles/profiles_update.go:506.85,509.58 2 1
railyard/internal/profiles/profiles_update.go:509.58,516.4 1 1
railyard/internal/profiles/profiles_update.go:519.3,519.31 1 1
railyard/internal/profiles/profiles_update.go:522.2,522.40 1 1
railyard/internal/profiles/profiles_update.go:522.40,524.19 2 1
railyard/internal/profiles/profiles_update.go:524.19,530.4 5 1
railyard/internal/profiles/profiles_update.go:531.3,531.54 1 1
railyard/internal/profiles/profiles_update.go:534.2,534.114 1 1
railyard/internal/profiles/profiles_update.go:534.114,542.3 5 0
railyard/internal/profiles/profiles_update.go:544.2,557.15 8 1
railyard/internal/profiles/profiles_update.go:561.98,571.23 3 0
railyard/internal/profiles/profiles_update.go:571.23,573.3 1 0
railyard/internal/profiles/profiles_update.go:576.2,577.46 2 0
railyard/internal/profiles/profiles_update.go:577.46,590.3 5 0
railyard/internal/profiles/profiles_update.go:593.2,593.108 1 0
railyard/internal/profiles/profiles_update.go:593.108,601.3 2 0
railyard/internal/profiles/profiles_update.go:604.2,608.27 4 0
railyard/internal/profiles/profiles_update.go:608.27,610.3 1 0
railyard/internal/profiles/profiles_update.go:612.2,618.64 4 0
railyard/internal/profiles/profiles_update.go:618.64,620.25 2 0
railyard/internal/profiles/profiles_update.go:620.25,622.76 2 0
railyard/internal/profiles/profiles_update.go:622.76,624.5 1 0
railyard/internal/profiles/profiles_update.go:625.4,628.17 4 0
railyard/internal/profiles/profiles_update.go:630.3,631.75 2 0
railyard/internal/profiles/profiles_update.go:636.2,646.21 2 0
railyard/internal/profiles/profiles_update.go:646.21,651.3 4 0
railyard/internal/profiles/profiles_update.go:652.2,655.94 2 0
railyard/internal/profiles/profiles_update.go:655.94,668.3 6 0
railyard/internal/profiles/profiles_update.go:670.2,672.45 3 0
railyard/internal/profiles/profiles_update.go:672.45,675.3 2 0
railyard/internal/profiles/profiles_update.go:677.2,683.15 7 0
railyard/internal/profiles/profiles_update.go:687.108,690.40 2 1
railyard/internal/profiles/profiles_update.go:690.40,691.54 1 1
railyard/internal/profiles/profiles_update.go:691.54,692.12 1 1
railyard/internal/profiles/profiles_update.go:694.3,695.17 2 1
railyard/internal/profiles/profiles_update.go:695.17,696.12 1 1
railyard/internal/profiles/profiles_update.go:699.3,700.19 2 1
railyard/internal/profiles/profiles_update.go:700.19,701.12 1 1
railyard/internal/profiles/profiles_update.go:703.3,703.43 1 1
railyard/internal/profiles/profiles_update.go:706.2,706.18 1 1
railyard/internal/profiles/profiles_update.go:710.80,715.43 2 1
railyard/internal/profiles/profiles_update.go:715.43,717.3 1 1
railyard/internal/profiles/profiles_update.go:718.2,718.15 1 1
railyard/internal/profiles/profiles_update.go:722.136,725.23 3 1
railyard/internal/profiles/profiles_update.go:725.23,727.3 1 1
railyard/internal/profiles/profiles_update.go:728.2,728.32 1 1
railyard/internal/profiles/profiles_update.go:731.66,733.2 1 1
railyard/internal/profiles/profiles_update.go:735.63,737.2 1 1
railyard/internal/profiles/profiles_update.go:739.143,741.13 2 1
railyard/internal/profiles/profiles_update.go:741.13,742.56 1 1
railyard/internal/profiles/profiles_update.go:742.56,744.4 1 0
railyard/internal/profiles/profiles_update.go:746.2,747.12 2 1
railyard/internal/profiles/profiles_update.go:750.60,754.2 3 1
railyard/internal/profiles/profiles_update.go:756.134,757.22 1 1
railyard/internal/profiles/profiles_update.go:757.22,759.3 1 1
railyard/internal/profiles/profiles_update.go:760.2,760.39 1 1
railyard/internal/profiles/profiles_update.go:763.137,764.26 1 1
railyard/internal/profiles/profiles_update.go:764.26,766.3 1 0
railyard/internal/profiles/profiles_update.go:767.2,767.42 1 1
railyard/internal/profiles/profiles_update.go:775.61,777.37 2 1
railyard/internal/profiles/profiles_update.go:777.37,780.62 1 1
railyard/internal/profiles/profiles_update.go:780.62,790.4 2 0
railyard/internal/profiles/profiles_update.go:792.3,793.23 2 1
railyard/internal/profiles/profiles_update.go:793.23,795.4 1 0
railyard/internal/profiles/profiles_update.go:796.3,796.61 1 1
railyard/internal/profiles/profiles_update.go:798.2,798.24 1 1
railyard/internal/profiles/profiles_update.go:805.80,807.25 1 1
railyard/internal/profiles/profiles_update.go:807.25,809.24 2 0
railyard/internal/profiles/profiles_update.go:809.24,811.4 1 0
railyard/internal/profiles/profiles_update.go:812.3,812.55 1 0
railyard/internal/profiles/profiles_update.go:815.2,819.23 4 1
railyard/internal/profiles/profiles_update.go:819.23,821.3 1 0
railyard/internal/profiles/profiles_update.go:824.2,826.24 3 1
railyard/internal/profiles/profiles_update.go:826.24,828.3 1 0
railyard/internal/profiles/profiles_update.go:829.2,829.26 1 1
railyard/internal/profiles/profiles_update.go:829.26,831.3 1 0
railyard/internal/profiles/profiles_update.go:834.2,834.86 1 1
railyard/internal/profiles/profiles_update.go:834.86,843.3 2 0
railyard/internal/profiles/profiles_update.go:845.2,845.33 1 1
railyard/internal/profiles/profiles_update.go:853.60,854.19 1 1
railyard/internal/profiles/profiles_update.go:856.26,858.19 2 1
railyard/internal/profiles/profiles_update.go:858.19,860.4 1 1
railyard/internal/profiles/profiles_update.go:860.9,860.59 1 1
railyard/internal/profiles/profiles_update.go:860.59,861.69 1 1
railyard/internal/profiles/profiles_update.go:861.69,863.5 1 1
railyard/internal/profiles/profiles_update.go:865.3,865.62 1 1
railyard/internal/profiles/profiles_update.go:866.26,867.82 1 1
railyard/internal/profiles/profiles_update.go:868.10,870.19 2 1
railyard/internal/profiles/profiles_update.go:878.60,883.30 3 1
railyard/internal/profiles/profiles_update.go:883.30,886.3 2 1
railyard/internal/profiles/profiles_update.go:887.2,887.107 1 1
railyard/internal/profiles/profiles_update.go:895.60,896.16 1 1
railyard/internal/profiles/profiles_update.go:897.41,899.62 2 1
railyard/internal/profiles/profiles_update.go:899.62,902.4 2 1
railyard/internal/profiles/profiles_update.go:903.3,909.9 2 1
railyard/internal/profiles/profiles_update.go:910.43,912.14 2 1
railyard/internal/profiles/profiles_update.go:912.14,914.4 1 1
railyard/internal/profiles/profiles_update.go:915.3,921.9 2 1
railyard/internal/profiles/profiles_update.go:922.10,924.19 2 1
railyard/internal/constants/mod_constants.go:17.54,19.2 1 0
railyard/internal/dialog/explorer.go:18.66,20.23 2 0
railyard/internal/dialog/explorer.go:20.23,22.3 1 0
railyard/internal/dialog/explorer.go:23.2,24.23 2 0
railyard/internal/dialog/explorer.go:24.23,26.3 1 0
railyard/internal/dialog/explorer.go:28.2,29.16 2 0
railyard/internal/dialog/explorer.go:29.16,31.3 1 0
railyard/internal/dialog/explorer.go:32.2,32.19 1 0
railyard/internal/dialog/explorer.go:32.19,34.3 1 0
railyard/internal/dialog/explorer.go:36.2,37.22 2 0
railyard/internal/dialog/explorer.go:38.17,39.46 1 0
railyard/internal/dialog/explorer.go:40.16,41.42 1 0
railyard/internal/dialog/explorer.go:42.10,43.46 1 0
railyard/internal/dialog/explorer.go:46.2,46.36 1 0
railyard/internal/dialog/explorer.go:46.36,48.3 1 0
railyard/internal/dialog/explorer.go:49.2,49.57 1 0
railyard/internal/dialog/explorer.go:52.66,62.2 1 0
railyard/internal/dialog/explorer.go:64.108,66.16 2 0
railyard/internal/dialog/explorer.go:66.16,71.3 1 0
railyard/internal/dialog/explorer.go:72.2,72.24 1 0
railyard/internal/dialog/explorer.go:72.24,77.3 1 0
railyard/internal/dialog/explorer.go:78.2,81.3 1 0
railyard/internal/deeplink/target.go:13.30,14.41 1 0
railyard/internal/deeplink/target.go:14.41,16.3 1 0
railyard/internal/deeplink/target.go:17.2,17.70 1 0
railyard/internal/deeplink/target.go:20.42,22.16 2 0
railyard/internal/deeplink/target.go:22.16,24.3 1 0
railyard/internal/deeplink/target.go:25.2,25.51 1 0
railyard/internal/deeplink/target.go:25.51,27.3 1 0
railyard/internal/deeplink/target.go:29.2,30.19 2 0
railyard/internal/deeplink/target.go:30.19,32.25 2 0
railyard/internal/deeplink/target.go:32.25,34.4 1 0
railyard/internal/deeplink/target.go:34.9,38.4 1 0
railyard/internal/deeplink/target.go:41.2,45.21 2 0
railyard/internal/deeplink/target.go:45.21,47.3 1 0
railyard/internal/deeplink/target.go:48.2,48.21 1 0
railyard/internal/deeplink/target.go:51.46,52.27 1 0
railyard/internal/deeplink/target.go:52.27,54.9 2 0
railyard/internal/deeplink/target.go:54.9,56.4 1 0
railyard/internal/deeplink/target.go:58.2,58.24 1 0
